TN:
SF:/Users/ibelaev/AlfaCode/ARUI_FEATHER/arui-feather/src/cn.ts
FNF:0
FNH:0
DA:5,49
DA:6,49
DA:22,49
DA:27,49
DA:31,49
LF:5
LH:5
BRF:0
BRH:0
end_of_record
TN:
SF:/Users/ibelaev/AlfaCode/ARUI_FEATHER/arui-feather/src/performance.js
FN:17,isEqual
FN:77,shallow
FN:92,deep
FN:112,performance
FN:117,(anonymous_4)
FNF:5
FNH:4
FNDA:2031,isEqual
FNDA:0,shallow
FNDA:790,deep
FNDA:21,performance
FNDA:21,(anonymous_4)
DA:7,13
DA:18,2031
DA:19,806
DA:22,1225
DA:23,5
DA:26,1220
DA:27,0
DA:30,1220
DA:31,1220
DA:33,1220
DA:34,122
DA:37,1098
DA:39,1098
DA:40,3628
DA:42,3628
DA:43,0
DA:46,3628
DA:47,3628
DA:49,3628
DA:50,862
DA:51,313
DA:56,549
DA:57,145
DA:60,404
DA:61,139
DA:66,501
DA:78,0
DA:93,790
DA:113,21
DA:114,0
DA:117,21
DA:119,21
LF:32
LH:28
BRDA:17,0,0,19
BRDA:18,1,0,806
BRDA:18,1,1,1225
BRDA:22,2,0,5
BRDA:22,2,1,1220
BRDA:22,3,0,1225
BRDA:22,3,1,1220
BRDA:22,3,2,1220
BRDA:22,3,3,1220
BRDA:26,4,0,0
BRDA:26,4,1,1220
BRDA:33,5,0,122
BRDA:33,5,1,1098
BRDA:42,6,0,0
BRDA:42,6,1,3628
BRDA:49,7,0,862
BRDA:49,7,1,2766
BRDA:50,8,0,313
BRDA:50,8,1,549
BRDA:50,9,0,862
BRDA:50,9,1,860
BRDA:50,9,2,578
BRDA:50,9,3,561
BRDA:50,9,4,549
BRDA:56,10,0,145
BRDA:56,10,1,404
BRDA:56,11,0,549
BRDA:56,11,1,404
BRDA:60,12,0,139
BRDA:60,12,1,265
BRDA:78,13,0,0
BRDA:78,13,1,0
BRDA:78,13,2,0
BRDA:93,14,0,790
BRDA:93,14,1,605
BRDA:93,14,2,212
BRDA:112,15,0,0
BRDA:113,16,0,0
BRDA:113,16,1,21
BRDA:119,17,0,21
BRDA:119,17,1,0
BRF:41
BRH:33
end_of_record
TN:
SF:/Users/ibelaev/AlfaCode/ARUI_FEATHER/arui-feather/src/test-utils.ts
FN:48,render
FN:75,cleanUp
FN:92,simulate
FN:101,eventPersist
FNF:4
FNH:0
FNDA:0,render
FNDA:0,cleanUp
FNDA:0,simulate
FNDA:0,eventPersist
DA:10,0
DA:11,0
DA:14,0
DA:48,0
DA:49,0
DA:51,0
DA:52,0
DA:53,0
DA:54,0
DA:56,0
DA:59,0
DA:61,0
DA:62,0
DA:65,0
DA:75,0
DA:76,0
DA:77,0
DA:80,0
DA:81,0
DA:92,0
DA:93,0
DA:101,0
DA:102,0
DA:103,0
LF:24
LH:0
BRDA:48,0,0,0
BRDA:48,0,1,0
BRDA:51,1,0,0
BRDA:51,1,1,0
BRDA:52,2,0,0
BRDA:52,2,1,0
BRDA:61,3,0,0
BRDA:61,3,1,0
BRDA:76,4,0,0
BRDA:76,4,1,0
BRDA:102,5,0,0
BRDA:102,5,1,0
BRF:12
BRH:0
end_of_record
TN:
SF:/Users/ibelaev/AlfaCode/ARUI_FEATHER/arui-feather/src/vars.js
FNF:0
FNH:0
DA:7,22
DA:8,22
DA:9,22
DA:10,22
DA:12,22
DA:14,22
LF:6
LH:6
BRF:0
BRH:0
end_of_record
TN:
SF:/Users/ibelaev/AlfaCode/ARUI_FEATHER/arui-feather/src/amount/amount.tsx
FN:92,(anonymous_8)
FN:102,(anonymous_10)
FN:129,(anonymous_11)
FN:154,(anonymous_12)
FN:164,(anonymous_13)
FNF:5
FNH:5
FNDA:7,(anonymous_8)
FNDA:6,(anonymous_10)
FNDA:6,(anonymous_11)
FNDA:6,(anonymous_12)
FNDA:1,(anonymous_13)
DA:5,1
DA:7,1
DA:8,1
DA:9,1
DA:10,1
DA:11,1
DA:13,1
DA:19,1
DA:92,6
DA:93,6
DA:95,1
DA:102,1
DA:103,6
DA:104,6
DA:107,6
DA:114,6
DA:129,1
DA:130,6
DA:132,6
DA:134,6
DA:135,4
DA:137,4
DA:138,1
DA:142,6
DA:143,3
DA:151,3
DA:154,1
DA:155,6
DA:162,1
DA:164,1
DA:165,1
DA:166,1
LF:32
LH:32
BRDA:92,0,0,6
BRDA:92,0,1,6
BRDA:92,0,2,6
BRDA:121,1,0,0
BRDA:121,1,1,6
BRDA:134,2,0,4
BRDA:134,2,1,2
BRDA:137,3,0,1
BRDA:137,3,1,3
BRDA:137,4,0,4
BRDA:137,4,1,1
BRDA:142,5,0,3
BRDA:142,5,1,3
BRF:13
BRH:12
end_of_record
TN:
SF:/Users/ibelaev/AlfaCode/ARUI_FEATHER/arui-feather/src/attach/attach.tsx
FN:23,getDeclension
FN:54,isEqualArray
FN:62,(anonymous_11)
FN:65,isEmptyArray
FN:197,(anonymous_13)
FN:347,(anonymous_15)
FN:359,(anonymous_16)
FN:363,(anonymous_17)
FN:368,(anonymous_18)
FN:374,(anonymous_19)
FN:382,(anonymous_20)
FN:390,(anonymous_21)
FN:398,(anonymous_22)
FN:217,(anonymous_23)
FN:232,(anonymous_24)
FN:240,(anonymous_25)
FN:259,(anonymous_26)
FN:279,(anonymous_27)
FN:304,(anonymous_28)
FN:312,(anonymous_29)
FN:409,(anonymous_30)
FN:416,(anonymous_31)
FN:420,(anonymous_32)
FN:423,(anonymous_33)
FN:431,(anonymous_34)
FNF:25
FNH:24
FNDA:1,getDeclension
FNDA:18,isEqualArray
FNDA:0,(anonymous_11)
FNDA:25,isEmptyArray
FNDA:13,(anonymous_13)
FNDA:4,(anonymous_15)
FNDA:5,(anonymous_16)
FNDA:2,(anonymous_17)
FNDA:1,(anonymous_18)
FNDA:1,(anonymous_19)
FNDA:1,(anonymous_20)
FNDA:2,(anonymous_21)
FNDA:2,(anonymous_22)
FNDA:25,(anonymous_23)
FNDA:11,(anonymous_24)
FNDA:23,(anonymous_25)
FNDA:23,(anonymous_26)
FNDA:34,(anonymous_27)
FNDA:23,(anonymous_28)
FNDA:3,(anonymous_29)
FNDA:1,(anonymous_30)
FNDA:1,(anonymous_31)
FNDA:7,(anonymous_32)
FNDA:7,(anonymous_33)
FNDA:1,(anonymous_34)
DA:6,1
DA:8,1
DA:9,1
DA:11,1
DA:12,1
DA:13,1
DA:15,1
DA:26,1
DA:28,1
DA:29,0
DA:31,1
DA:33,0
DA:34,0
DA:38,1
DA:39,1
DA:41,0
DA:45,1
DA:55,18
DA:56,0
DA:59,18
DA:62,0
DA:66,25
DA:197,12
DA:198,12
DA:200,1
DA:209,12
DA:217,1
DA:218,25
DA:220,25
DA:224,0
DA:229,25
DA:232,1
DA:233,11
DA:235,11
DA:236,2
DA:240,1
DA:241,23
DA:259,23
DA:260,23
DA:269,23
DA:280,34
DA:304,1
DA:305,23
DA:307,23
DA:308,5
DA:312,3
DA:320,5
DA:340,18
DA:347,12
DA:348,4
DA:350,4
DA:351,1
DA:353,1
DA:356,3
DA:359,12
DA:360,5
DA:363,12
DA:364,2
DA:365,2
DA:368,12
DA:369,1
DA:370,1
DA:374,12
DA:375,1
DA:377,1
DA:378,1
DA:382,12
DA:383,1
DA:385,1
DA:386,1
DA:390,12
DA:391,2
DA:393,2
DA:394,1
DA:398,12
DA:399,2
DA:401,2
DA:402,1
DA:409,1
DA:410,1
DA:416,1
DA:417,1
DA:420,7
DA:421,7
DA:423,7
DA:424,7
DA:425,0
DA:429,1
DA:431,1
DA:432,1
DA:433,1
LF:91
LH:83
BRDA:28,0,0,0
BRDA:28,0,1,1
BRDA:28,1,0,1
BRDA:28,1,1,0
BRDA:32,2,0,0
BRDA:32,2,1,0
BRDA:32,2,2,1
BRDA:32,2,3,1
BRDA:32,2,4,0
BRDA:55,3,0,0
BRDA:55,3,1,18
BRDA:59,4,0,18
BRDA:59,4,1,18
BRDA:59,4,2,18
BRDA:59,4,3,9
BRDA:66,5,0,25
BRDA:66,5,1,25
BRDA:197,6,0,12
BRDA:197,6,1,12
BRDA:197,6,2,12
BRDA:350,7,0,1
BRDA:350,7,1,3
BRDA:350,8,0,4
BRDA:350,8,1,2
BRDA:369,9,0,1
BRDA:369,9,1,0
BRDA:377,10,0,1
BRDA:377,10,1,0
BRDA:385,11,0,1
BRDA:385,11,1,0
BRDA:393,12,0,1
BRDA:393,12,1,1
BRDA:401,13,0,1
BRDA:401,13,1,1
BRDA:218,14,0,25
BRDA:218,14,1,25
BRDA:220,15,0,0
BRDA:220,15,1,25
BRDA:221,16,0,25
BRDA:221,16,1,0
BRDA:233,17,0,11
BRDA:233,17,1,11
BRDA:235,18,0,2
BRDA:235,18,1,9
BRDA:265,19,0,0
BRDA:265,19,1,23
BRDA:305,20,0,23
BRDA:305,20,1,0
BRDA:305,21,0,0
BRDA:305,21,1,0
BRDA:307,22,0,5
BRDA:307,22,1,18
BRDA:307,23,0,23
BRDA:307,23,1,23
BRDA:309,24,0,4
BRDA:309,24,1,1
BRDA:330,25,0,5
BRDA:330,25,1,0
BRDA:424,26,0,0
BRDA:424,26,1,7
BRDA:424,27,0,7
BRDA:424,27,1,0
BRDA:425,28,0,0
BRDA:425,28,1,0
BRF:64
BRH:44
end_of_record
TN:
SF:/Users/ibelaev/AlfaCode/ARUI_FEATHER/arui-feather/src/button/button.tsx
FN:189,(anonymous_9)
FN:293,(anonymous_11)
FN:299,(anonymous_12)
FN:311,(anonymous_13)
FN:319,(anonymous_14)
FN:329,(anonymous_15)
FN:339,(anonymous_16)
FN:349,(anonymous_17)
FN:359,(anonymous_18)
FN:369,(anonymous_19)
FN:379,(anonymous_20)
FN:199,(anonymous_21)
FN:218,(anonymous_22)
FN:222,(anonymous_23)
FN:392,(anonymous_24)
FN:399,(anonymous_25)
FN:407,(anonymous_26)
FN:414,(anonymous_27)
FNF:18
FNH:15
FNDA:244,(anonymous_9)
FNDA:20,(anonymous_11)
FNDA:6,(anonymous_12)
FNDA:5,(anonymous_13)
FNDA:5,(anonymous_14)
FNDA:3,(anonymous_15)
FNDA:3,(anonymous_16)
FNDA:2,(anonymous_17)
FNDA:1,(anonymous_18)
FNDA:0,(anonymous_19)
FNDA:0,(anonymous_20)
FNDA:495,(anonymous_21)
FNDA:487,(anonymous_22)
FNDA:854,(anonymous_23)
FNDA:352,(anonymous_24)
FNDA:4,(anonymous_25)
FNDA:0,(anonymous_26)
FNDA:26,(anonymous_27)
DA:5,26
DA:7,26
DA:8,26
DA:9,26
DA:189,218
DA:190,218
DA:192,26
DA:199,26
DA:200,495
DA:201,5
DA:207,490
DA:210,218
DA:218,487
DA:219,487
DA:221,487
DA:223,854
DA:258,487
DA:285,487
DA:293,218
DA:294,20
DA:295,20
DA:299,218
DA:300,6
DA:301,0
DA:304,6
DA:306,6
DA:307,4
DA:311,218
DA:312,5
DA:314,5
DA:315,4
DA:319,218
DA:320,5
DA:321,4
DA:324,5
DA:325,2
DA:329,218
DA:330,3
DA:331,3
DA:334,3
DA:335,2
DA:339,218
DA:340,3
DA:341,3
DA:344,3
DA:345,1
DA:349,218
DA:350,2
DA:351,2
DA:354,2
DA:355,1
DA:359,218
DA:360,1
DA:361,1
DA:364,1
DA:365,0
DA:369,218
DA:370,0
DA:371,0
DA:374,0
DA:375,0
DA:379,218
DA:380,0
DA:381,0
DA:384,0
DA:385,0
DA:392,26
DA:393,352
DA:399,26
DA:400,4
DA:407,26
DA:408,0
DA:409,0
DA:412,26
DA:414,26
DA:415,26
DA:416,26
LF:77
LH:65
BRDA:189,0,0,218
BRDA:189,0,1,218
BRDA:189,0,2,218
BRDA:294,1,0,20
BRDA:294,1,1,0
BRDA:300,2,0,0
BRDA:300,2,1,6
BRDA:306,3,0,4
BRDA:306,3,1,2
BRDA:314,4,0,4
BRDA:314,4,1,1
BRDA:320,5,0,4
BRDA:320,5,1,1
BRDA:324,6,0,2
BRDA:324,6,1,3
BRDA:330,7,0,3
BRDA:330,7,1,0
BRDA:334,8,0,2
BRDA:334,8,1,1
BRDA:340,9,0,3
BRDA:340,9,1,0
BRDA:344,10,0,1
BRDA:344,10,1,2
BRDA:350,11,0,2
BRDA:350,11,1,0
BRDA:354,12,0,1
BRDA:354,12,1,1
BRDA:360,13,0,1
BRDA:360,13,1,0
BRDA:364,14,0,0
BRDA:364,14,1,1
BRDA:370,15,0,0
BRDA:370,15,1,0
BRDA:370,16,0,0
BRDA:370,16,1,0
BRDA:370,16,2,0
BRDA:374,17,0,0
BRDA:374,17,1,0
BRDA:380,18,0,0
BRDA:380,18,1,0
BRDA:380,19,0,0
BRDA:380,19,1,0
BRDA:380,19,2,0
BRDA:384,20,0,0
BRDA:384,20,1,0
BRDA:200,21,0,5
BRDA:200,21,1,490
BRDA:230,22,0,5
BRDA:230,22,1,482
BRDA:232,23,0,298
BRDA:232,23,1,189
BRDA:239,24,0,282
BRDA:239,24,1,205
BRDA:259,25,0,487
BRDA:259,25,1,23
BRDA:264,26,0,487
BRDA:264,26,1,28
BRDA:264,26,2,28
BRDA:264,26,3,459
BRDA:266,27,0,459
BRDA:266,27,1,23
BRDA:271,28,0,459
BRDA:271,28,1,0
BRDA:271,28,2,459
BRDA:273,29,0,459
BRDA:273,29,1,0
BRDA:278,30,0,487
BRDA:278,30,1,0
BRDA:287,31,0,298
BRDA:287,31,1,189
BRDA:408,32,0,0
BRDA:408,32,1,0
BRF:72
BRH:46
end_of_record
TN:
SF:/Users/ibelaev/AlfaCode/ARUI_FEATHER/arui-feather/src/calendar/calendar.tsx
FN:177,(anonymous_11)
FN:335,(anonymous_13)
FN:343,(anonymous_14)
FN:399,(anonymous_15)
FN:456,(anonymous_16)
FN:582,(anonymous_17)
FN:590,(anonymous_18)
FN:601,(anonymous_19)
FN:607,(anonymous_20)
FN:615,(anonymous_21)
FN:635,(anonymous_22)
FN:663,(anonymous_23)
FN:215,(anonymous_24)
FN:220,(anonymous_25)
FN:224,(anonymous_26)
FN:231,(anonymous_27)
FN:234,(anonymous_28)
FN:253,(anonymous_29)
FN:351,(anonymous_30)
FN:361,(anonymous_31)
FN:366,(anonymous_32)
FN:421,(anonymous_33)
FN:426,(anonymous_34)
FN:478,(anonymous_35)
FN:488,(anonymous_36)
FN:502,(anonymous_37)
FN:503,(anonymous_38)
FN:513,(anonymous_39)
FN:514,(anonymous_40)
FN:517,(anonymous_41)
FN:518,(anonymous_42)
FN:672,(anonymous_43)
FN:680,(anonymous_44)
FN:689,(anonymous_45)
FN:699,(anonymous_46)
FN:721,(anonymous_47)
FN:737,(anonymous_48)
FN:755,(anonymous_49)
FN:780,(anonymous_50)
FN:802,(anonymous_51)
FN:809,(anonymous_52)
FN:848,(anonymous_53)
FN:927,(anonymous_54)
FNF:43
FNH:39
FNDA:62,(anonymous_11)
FNDA:1,(anonymous_13)
FNDA:3,(anonymous_14)
FNDA:1,(anonymous_15)
FNDA:1,(anonymous_16)
FNDA:4,(anonymous_17)
FNDA:1,(anonymous_18)
FNDA:1,(anonymous_19)
FNDA:0,(anonymous_20)
FNDA:1,(anonymous_21)
FNDA:9,(anonymous_22)
FNDA:0,(anonymous_23)
FNDA:60,(anonymous_24)
FNDA:18,(anonymous_25)
FNDA:0,(anonymous_26)
FNDA:71,(anonymous_27)
FNDA:82,(anonymous_28)
FNDA:71,(anonymous_29)
FNDA:71,(anonymous_30)
FNDA:1,(anonymous_31)
FNDA:12,(anonymous_32)
FNDA:3,(anonymous_33)
FNDA:234,(anonymous_34)
FNDA:71,(anonymous_35)
FNDA:497,(anonymous_36)
FNDA:71,(anonymous_37)
FNDA:497,(anonymous_38)
FNDA:71,(anonymous_39)
FNDA:426,(anonymous_40)
FNDA:426,(anonymous_41)
FNDA:2982,(anonymous_42)
FNDA:1,(anonymous_43)
FNDA:0,(anonymous_44)
FNDA:9,(anonymous_45)
FNDA:3001,(anonymous_46)
FNDA:2030,(anonymous_47)
FNDA:2982,(anonymous_48)
FNDA:8,(anonymous_49)
FNDA:4,(anonymous_50)
FNDA:4,(anonymous_51)
FNDA:71,(anonymous_52)
FNDA:78,(anonymous_53)
FNDA:2,(anonymous_54)
DA:8,2
DA:11,2
DA:13,2
DA:14,2
DA:15,2
DA:16,2
DA:17,2
DA:18,2
DA:19,2
DA:20,2
DA:21,2
DA:22,2
DA:23,2
DA:24,2
DA:26,2
DA:27,2
DA:28,2
DA:29,2
DA:30,2
DA:31,2
DA:33,2
DA:34,2
DA:35,2
DA:36,2
DA:37,2
DA:177,60
DA:178,60
DA:180,2
DA:194,60
DA:200,60
DA:202,60
DA:215,2
DA:216,60
DA:220,2
DA:221,18
DA:224,2
DA:225,0
DA:226,0
DA:227,0
DA:231,71
DA:232,71
DA:235,82
DA:253,2
DA:254,71
DA:255,71
DA:257,71
DA:259,71
DA:263,71
DA:335,60
DA:336,1
DA:343,60
DA:344,3
DA:351,2
DA:352,71
DA:361,2
DA:362,1
DA:367,12
DA:368,12
DA:369,12
DA:370,12
DA:373,12
DA:375,12
DA:380,12
DA:399,60
DA:400,1
DA:402,1
DA:403,1
DA:405,1
DA:406,0
DA:408,1
DA:413,1
DA:417,1
DA:421,3
DA:422,3
DA:427,234
DA:428,234
DA:429,234
DA:430,234
DA:433,234
DA:437,234
DA:456,60
DA:457,1
DA:459,1
DA:460,1
DA:462,1
DA:463,0
DA:465,1
DA:470,1
DA:474,1
DA:478,71
DA:479,71
DA:484,71
DA:488,497
DA:502,71
DA:503,497
DA:513,71
DA:514,426
DA:517,426
DA:518,426
DA:519,2982
DA:520,2982
DA:521,2982
DA:522,2982
DA:523,2982
DA:529,2982
DA:531,2982
DA:532,2149
DA:533,2149
DA:536,2149
DA:537,696
DA:538,606
DA:540,90
DA:544,2149
DA:546,2149
DA:547,1
DA:550,2149
DA:551,24
DA:554,833
DA:557,2982
DA:561,2982
DA:582,60
DA:583,4
DA:585,4
DA:586,4
DA:590,60
DA:591,1
DA:592,0
DA:593,0
DA:596,1
DA:597,1
DA:601,60
DA:602,1
DA:603,1
DA:604,0
DA:607,1
DA:608,0
DA:609,0
DA:611,0
DA:615,60
DA:616,1
DA:617,0
DA:620,1
DA:621,1
DA:622,1
DA:624,1
DA:626,1
DA:627,1
DA:629,0
DA:635,60
DA:636,9
DA:638,2
DA:639,2
DA:640,2
DA:643,1
DA:644,1
DA:645,1
DA:647,0
DA:648,0
DA:649,0
DA:652,1
DA:653,1
DA:654,1
DA:658,9
DA:659,5
DA:663,60
DA:664,0
DA:665,0
DA:672,2
DA:673,1
DA:680,2
DA:681,0
DA:682,0
DA:689,2
DA:690,9
DA:699,2
DA:700,3001
DA:701,833
DA:705,2168
DA:706,0
DA:710,2168
DA:721,2
DA:722,2030
DA:723,2030
DA:726,2030
DA:729,0
DA:737,2
DA:738,2982
DA:739,2149
DA:742,2149
DA:745,833
DA:755,12
DA:756,8
DA:757,1
DA:760,7
DA:762,7
DA:763,0
DA:766,7
DA:780,2
DA:781,4
DA:782,0
DA:785,4
DA:786,1
DA:789,4
DA:790,4
DA:792,4
DA:794,4
DA:795,1
DA:798,0
DA:802,2
DA:803,4
DA:805,4
DA:809,2
DA:811,71
DA:812,71
DA:813,71
DA:814,71
DA:815,71
DA:821,71
DA:823,71
DA:825,71
DA:826,2901
DA:828,2901
DA:829,2149
DA:832,2901
DA:833,426
DA:834,426
DA:835,426
DA:838,2901
DA:841,71
DA:842,0
DA:845,71
DA:848,2
DA:849,78
DA:851,78
DA:852,60
DA:853,60
DA:856,78
DA:857,65
DA:858,24
DA:860,41
DA:866,78
DA:867,55
DA:868,23
DA:869,17
DA:871,6
DA:874,78
DA:878,78
DA:879,60
DA:880,7
DA:882,53
DA:885,60
DA:886,60
DA:887,19
DA:892,19
DA:896,78
DA:897,60
DA:898,5
DA:900,55
DA:903,60
DA:904,60
DA:905,19
DA:910,19
DA:914,78
DA:916,78
DA:917,60
DA:920,78
DA:921,60
DA:925,2
DA:927,2
DA:928,2
DA:929,2
LF:271
LH:245
BRDA:177,0,0,60
BRDA:177,0,1,60
BRDA:177,0,2,60
BRDA:402,1,0,1
BRDA:402,1,1,0
BRDA:405,2,0,0
BRDA:405,2,1,1
BRDA:459,3,0,1
BRDA:459,3,1,0
BRDA:462,4,0,0
BRDA:462,4,1,1
BRDA:585,5,0,4
BRDA:585,5,1,0
BRDA:591,6,0,0
BRDA:591,6,1,1
BRDA:596,7,0,1
BRDA:596,7,1,0
BRDA:603,8,0,0
BRDA:603,8,1,1
BRDA:608,9,0,0
BRDA:608,9,1,0
BRDA:608,10,0,0
BRDA:608,10,1,0
BRDA:616,11,0,0
BRDA:616,11,1,1
BRDA:626,12,0,1
BRDA:626,12,1,0
BRDA:637,13,0,2
BRDA:637,13,1,1
BRDA:637,13,2,0
BRDA:637,13,3,1
BRDA:658,14,0,5
BRDA:658,14,1,4
BRDA:664,15,0,0
BRDA:664,15,1,0
BRDA:225,16,0,0
BRDA:225,16,1,0
BRDA:243,17,0,71
BRDA:243,17,1,71
BRDA:244,18,0,71
BRDA:244,18,1,71
BRDA:255,19,0,71
BRDA:255,19,1,71
BRDA:257,20,0,71
BRDA:257,20,1,71
BRDA:259,21,0,71
BRDA:259,21,1,71
BRDA:259,21,2,70
BRDA:266,22,0,71
BRDA:266,22,1,67
BRDA:283,23,0,71
BRDA:283,23,1,67
BRDA:354,24,0,1
BRDA:354,24,1,70
BRDA:355,25,0,3
BRDA:355,25,1,68
BRDA:370,26,0,12
BRDA:370,26,1,12
BRDA:373,27,0,0
BRDA:373,27,1,12
BRDA:376,28,0,0
BRDA:376,28,1,12
BRDA:377,29,0,1
BRDA:377,29,1,11
BRDA:430,30,0,234
BRDA:430,30,1,234
BRDA:434,31,0,3
BRDA:434,31,1,231
BRDA:505,32,0,142
BRDA:505,32,1,355
BRDA:519,33,0,2982
BRDA:519,33,1,2018
BRDA:531,34,0,2149
BRDA:531,34,1,833
BRDA:532,35,0,2149
BRDA:532,35,1,741
BRDA:533,36,0,2149
BRDA:533,36,1,0
BRDA:533,36,2,0
BRDA:533,36,3,0
BRDA:536,37,0,696
BRDA:536,37,1,1453
BRDA:536,38,0,2149
BRDA:536,38,1,2016
BRDA:537,39,0,606
BRDA:537,39,1,90
BRDA:538,40,0,43
BRDA:538,40,1,563
BRDA:546,41,0,1
BRDA:546,41,1,2148
BRDA:546,42,0,2149
BRDA:546,42,1,46
BRDA:550,43,0,24
BRDA:550,43,1,2125
BRDA:550,44,0,2149
BRDA:550,44,1,2125
BRDA:558,45,0,2016
BRDA:558,45,1,966
BRDA:557,46,0,2982
BRDA:557,46,1,2149
BRDA:563,47,0,2982
BRDA:563,47,1,833
BRDA:572,48,0,2149
BRDA:572,48,1,833
BRDA:573,49,0,2982
BRDA:573,49,1,1
BRDA:681,50,0,0
BRDA:681,50,1,0
BRDA:700,51,0,833
BRDA:700,51,1,2168
BRDA:705,52,0,0
BRDA:705,52,1,2168
BRDA:705,53,0,2168
BRDA:705,53,1,2168
BRDA:711,54,0,2168
BRDA:711,54,1,2168
BRDA:711,54,2,2123
BRDA:711,54,3,2123
BRDA:722,55,0,2030
BRDA:722,55,1,0
BRDA:722,56,0,2030
BRDA:722,56,1,2030
BRDA:738,57,0,2149
BRDA:738,57,1,833
BRDA:738,58,0,2982
BRDA:738,58,1,2982
BRDA:738,58,2,2982
BRDA:755,59,0,4
BRDA:755,59,1,4
BRDA:756,60,0,1
BRDA:756,60,1,7
BRDA:762,61,0,0
BRDA:762,61,1,7
BRDA:762,62,0,7
BRDA:762,62,1,7
BRDA:781,63,0,0
BRDA:781,63,1,4
BRDA:789,64,0,4
BRDA:789,64,1,0
BRDA:794,65,0,1
BRDA:794,65,1,3
BRDA:794,66,0,4
BRDA:794,66,1,1
BRDA:805,67,0,4
BRDA:805,67,1,4
BRDA:805,67,2,4
BRDA:805,67,3,4
BRDA:828,68,0,2149
BRDA:828,68,1,752
BRDA:832,69,0,426
BRDA:832,69,1,2475
BRDA:841,70,0,0
BRDA:841,70,1,71
BRDA:851,71,0,60
BRDA:851,71,1,18
BRDA:856,72,0,65
BRDA:856,72,1,13
BRDA:856,73,0,78
BRDA:856,73,1,18
BRDA:857,74,0,24
BRDA:857,74,1,41
BRDA:866,75,0,55
BRDA:866,75,1,23
BRDA:868,76,0,17
BRDA:868,76,1,6
BRDA:878,77,0,60
BRDA:878,77,1,18
BRDA:878,78,0,78
BRDA:878,78,1,18
BRDA:879,79,0,7
BRDA:879,79,1,53
BRDA:886,80,0,19
BRDA:886,80,1,41
BRDA:896,81,0,60
BRDA:896,81,1,18
BRDA:896,82,0,78
BRDA:896,82,1,18
BRDA:897,83,0,5
BRDA:897,83,1,55
BRDA:904,84,0,19
BRDA:904,84,1,41
BRDA:916,85,0,60
BRDA:916,85,1,18
BRDA:916,86,0,78
BRDA:916,86,1,18
BRDA:917,87,0,0
BRDA:917,87,1,60
BRDA:920,88,0,60
BRDA:920,88,1,18
BRDA:920,89,0,78
BRDA:920,89,1,18
BRDA:922,90,0,0
BRDA:922,90,1,60
BRF:193
BRH:159
end_of_record
TN:
SF:/Users/ibelaev/AlfaCode/ARUI_FEATHER/arui-feather/src/calendar/utils.ts
FN:9,isCurrentDay
FN:25,getYearsRange
FNF:2
FNH:2
FNDA:2982,isCurrentDay
FNDA:78,getYearsRange
DA:1,2
DA:2,2
DA:9,2
DA:12,2982
DA:13,2149
DA:16,833
DA:25,2
DA:29,78
DA:30,78
DA:31,78
DA:33,78
DA:34,7289
DA:37,78
LF:13
LH:13
BRDA:12,0,0,2149
BRDA:12,0,1,833
BRF:2
BRH:2
end_of_record
TN:
SF:/Users/ibelaev/AlfaCode/ARUI_FEATHER/arui-feather/src/calendar-input/calendar-input.tsx
FN:225,(anonymous_10)
FN:448,(anonymous_12)
FN:450,(anonymous_13)
FN:470,(anonymous_14)
FN:476,(anonymous_15)
FN:480,(anonymous_16)
FN:484,(anonymous_17)
FN:508,(anonymous_18)
FN:512,(anonymous_19)
FN:536,(anonymous_20)
FN:555,(anonymous_21)
FN:563,(anonymous_22)
FN:578,(anonymous_23)
FN:586,(anonymous_24)
FN:601,(anonymous_25)
FN:642,(anonymous_26)
FN:648,(anonymous_27)
FN:652,(anonymous_28)
FN:270,(anonymous_29)
FN:286,(anonymous_30)
FN:297,(anonymous_31)
FN:340,(anonymous_32)
FN:356,(anonymous_33)
FN:400,(anonymous_34)
FN:409,(anonymous_35)
FN:421,(anonymous_36)
FN:438,(anonymous_37)
FN:659,(anonymous_38)
FN:668,(anonymous_39)
FN:677,(anonymous_40)
FN:681,(anonymous_41)
FN:685,(anonymous_42)
FN:689,(anonymous_43)
FN:693,(anonymous_44)
FN:697,(anonymous_45)
FN:735,(anonymous_46)
FN:739,(anonymous_47)
FN:763,(anonymous_48)
FNF:38
FNH:29
FNDA:37,(anonymous_10)
FNDA:3,(anonymous_12)
FNDA:0,(anonymous_13)
FNDA:0,(anonymous_14)
FNDA:1,(anonymous_15)
FNDA:0,(anonymous_16)
FNDA:5,(anonymous_17)
FNDA:1,(anonymous_18)
FNDA:4,(anonymous_19)
FNDA:0,(anonymous_20)
FNDA:4,(anonymous_21)
FNDA:0,(anonymous_22)
FNDA:3,(anonymous_23)
FNDA:0,(anonymous_24)
FNDA:5,(anonymous_25)
FNDA:35,(anonymous_26)
FNDA:0,(anonymous_27)
FNDA:0,(anonymous_28)
FNDA:36,(anonymous_29)
FNDA:0,(anonymous_30)
FNDA:59,(anonymous_31)
FNDA:9,(anonymous_32)
FNDA:81,(anonymous_33)
FNDA:59,(anonymous_34)
FNDA:81,(anonymous_35)
FNDA:71,(anonymous_36)
FNDA:1,(anonymous_37)
FNDA:1,(anonymous_38)
FNDA:1,(anonymous_39)
FNDA:1,(anonymous_40)
FNDA:64,(anonymous_41)
FNDA:67,(anonymous_42)
FNDA:292,(anonymous_43)
FNDA:59,(anonymous_44)
FNDA:8,(anonymous_45)
FNDA:8,(anonymous_46)
FNDA:7,(anonymous_47)
FNDA:1,(anonymous_48)
DA:7,1
DA:9,1
DA:10,1
DA:11,1
DA:13,1
DA:14,1
DA:15,1
DA:16,1
DA:17,1
DA:18,1
DA:19,1
DA:21,1
DA:22,1
DA:23,1
DA:26,1
DA:33,1
DA:34,1
DA:35,1
DA:36,1
DA:225,36
DA:226,36
DA:228,1
DA:235,36
DA:270,1
DA:271,36
DA:272,35
DA:274,35
DA:275,3
DA:276,32
DA:277,32
DA:280,35
DA:281,35
DA:286,1
DA:287,0
DA:288,0
DA:289,0
DA:291,0
DA:292,0
DA:293,0
DA:297,59
DA:298,59
DA:300,59
DA:306,59
DA:315,59
DA:323,59
DA:341,9
DA:357,81
DA:400,59
DA:401,59
DA:403,59
DA:404,1
DA:407,59
DA:410,81
DA:422,71
DA:438,1
DA:439,1
DA:448,36
DA:449,3
DA:450,3
DA:451,0
DA:452,0
DA:455,0
DA:459,3
DA:461,3
DA:462,1
DA:465,3
DA:466,1
DA:470,36
DA:471,0
DA:476,36
DA:477,1
DA:480,36
DA:481,0
DA:484,36
DA:485,5
DA:487,3
DA:488,3
DA:489,3
DA:492,0
DA:493,0
DA:496,0
DA:499,5
DA:500,1
DA:503,5
DA:504,1
DA:508,36
DA:509,1
DA:512,36
DA:513,4
DA:520,4
DA:523,4
DA:524,2
DA:527,4
DA:528,2
DA:531,4
DA:532,2
DA:536,36
DA:537,0
DA:540,0
DA:541,0
DA:544,0
DA:546,0
DA:547,0
DA:550,0
DA:551,0
DA:555,36
DA:556,4
DA:558,4
DA:559,1
DA:563,36
DA:565,0
DA:571,0
DA:573,0
DA:574,0
DA:578,36
DA:579,3
DA:581,3
DA:582,1
DA:586,36
DA:588,0
DA:594,0
DA:596,0
DA:597,0
DA:601,36
DA:602,5
DA:604,1
DA:606,1
DA:608,1
DA:618,1
DA:620,1
DA:623,1
DA:625,1
DA:629,1
DA:633,5
DA:634,1
DA:637,5
DA:638,1
DA:642,36
DA:643,35
DA:648,36
DA:649,0
DA:652,36
DA:653,0
DA:659,1
DA:660,1
DA:662,1
DA:668,1
DA:669,1
DA:671,1
DA:677,1
DA:678,1
DA:681,1
DA:682,64
DA:685,1
DA:686,67
DA:689,1
DA:690,292
DA:693,1
DA:694,59
DA:697,1
DA:698,8
DA:706,8
DA:710,8
DA:712,8
DA:716,8
DA:718,8
DA:720,8
DA:721,5
DA:722,2
DA:725,5
DA:726,3
DA:727,2
DA:730,8
DA:731,8
DA:735,8
DA:736,8
DA:737,0
DA:739,8
DA:740,7
DA:743,7
DA:753,7
DA:758,7
DA:761,1
DA:763,1
DA:764,1
DA:765,1
LF:186
LH:153
BRDA:36,0,0,1
BRDA:36,0,1,1
BRDA:225,1,0,36
BRDA:225,1,1,36
BRDA:225,1,2,36
BRDA:240,2,0,36
BRDA:240,2,1,36
BRDA:242,3,0,36
BRDA:242,3,1,33
BRDA:244,4,0,3
BRDA:244,4,1,33
BRDA:245,5,0,3
BRDA:245,5,1,33
BRDA:449,6,0,3
BRDA:449,6,1,0
BRDA:461,7,0,1
BRDA:461,7,1,2
BRDA:465,8,0,1
BRDA:465,8,1,2
BRDA:486,9,0,3
BRDA:486,9,1,0
BRDA:486,9,2,0
BRDA:499,10,0,1
BRDA:499,10,1,4
BRDA:503,11,0,1
BRDA:503,11,1,4
BRDA:516,12,0,0
BRDA:516,12,1,4
BRDA:517,13,0,0
BRDA:517,13,1,4
BRDA:523,14,0,2
BRDA:523,14,1,2
BRDA:523,15,0,4
BRDA:523,15,1,2
BRDA:523,15,2,2
BRDA:527,16,0,2
BRDA:527,16,1,2
BRDA:531,17,0,2
BRDA:531,17,1,2
BRDA:540,18,0,0
BRDA:540,18,1,0
BRDA:546,19,0,0
BRDA:546,19,1,0
BRDA:550,20,0,0
BRDA:550,20,1,0
BRDA:558,21,0,1
BRDA:558,21,1,3
BRDA:573,22,0,0
BRDA:573,22,1,0
BRDA:581,23,0,1
BRDA:581,23,1,2
BRDA:596,24,0,0
BRDA:596,24,1,0
BRDA:603,25,0,1
BRDA:603,25,1,1
BRDA:606,26,0,1
BRDA:606,26,1,0
BRDA:613,27,0,0
BRDA:613,27,1,1
BRDA:614,28,0,0
BRDA:614,28,1,1
BRDA:633,29,0,1
BRDA:633,29,1,4
BRDA:637,30,0,1
BRDA:637,30,1,4
BRDA:271,31,0,35
BRDA:271,31,1,1
BRDA:274,32,0,3
BRDA:274,32,1,32
BRDA:276,33,0,32
BRDA:276,33,1,0
BRDA:280,34,0,35
BRDA:280,34,1,0
BRDA:287,35,0,0
BRDA:287,35,1,0
BRDA:291,36,0,0
BRDA:291,36,1,0
BRDA:298,37,0,54
BRDA:298,37,1,5
BRDA:307,38,0,59
BRDA:307,38,1,5
BRDA:307,38,2,2
BRDA:310,39,0,59
BRDA:310,39,1,5
BRDA:310,39,2,2
BRDA:316,40,0,1
BRDA:316,40,1,58
BRDA:315,41,0,59
BRDA:315,41,1,1
BRDA:337,42,0,59
BRDA:337,42,1,55
BRDA:362,43,0,59
BRDA:362,43,1,56
BRDA:363,44,0,59
BRDA:363,44,1,51
BRDA:384,45,0,59
BRDA:384,45,1,58
BRDA:401,46,0,55
BRDA:401,46,1,4
BRDA:403,47,0,1
BRDA:403,47,1,58
BRDA:415,48,0,1
BRDA:415,48,1,58
BRDA:416,49,0,59
BRDA:416,49,1,1
BRDA:442,50,0,1
BRDA:442,50,1,1
BRDA:442,50,2,1
BRDA:660,51,0,1
BRDA:660,51,1,1
BRDA:669,52,0,1
BRDA:669,52,1,1
BRDA:682,53,0,64
BRDA:682,53,1,64
BRDA:686,54,0,67
BRDA:686,54,1,5
BRDA:690,55,0,292
BRDA:690,55,1,22
BRDA:694,56,0,59
BRDA:694,56,1,5
BRDA:706,57,0,8
BRDA:706,57,1,8
BRDA:706,57,2,8
BRDA:712,58,0,8
BRDA:712,58,1,4
BRDA:712,58,2,3
BRDA:720,59,0,5
BRDA:720,59,1,3
BRDA:721,60,0,2
BRDA:721,60,1,3
BRDA:726,61,0,2
BRDA:726,61,1,1
BRDA:730,62,0,8
BRDA:730,62,1,0
BRDA:736,63,0,0
BRDA:736,63,1,8
BRDA:740,64,0,5
BRDA:740,64,1,2
BRDA:745,65,0,3
BRDA:745,65,1,4
BRDA:747,66,0,4
BRDA:747,66,1,3
BRDA:749,67,0,0
BRDA:749,67,1,4
BRDA:750,68,0,0
BRDA:750,68,1,4
BRF:146
BRH:118
end_of_record
TN:
SF:/Users/ibelaev/AlfaCode/ARUI_FEATHER/arui-feather/src/calendar-input/utils.ts
FN:13,parseDate
FN:36,changeDateFormat
FN:54,calculateMonth
FN:80,isInputDateSupported
FNF:4
FNH:4
FNDA:131,parseDate
FNDA:56,changeDateFormat
FNDA:50,calculateMonth
FNDA:1,isInputDateSupported
DA:1,1
DA:2,1
DA:3,1
DA:4,1
DA:5,1
DA:13,1
DA:14,131
DA:15,131
DA:18,131
DA:19,32
DA:21,32
DA:22,32
DA:26,131
DA:36,1
DA:37,56
DA:39,56
DA:40,11
DA:43,45
DA:54,1
DA:55,50
DA:57,50
DA:58,14
DA:61,50
DA:62,40
DA:64,10
DA:67,50
DA:68,1
DA:70,49
DA:71,2
DA:74,47
DA:80,1
DA:81,1
DA:82,1
DA:84,1
DA:85,1
DA:87,1
LF:36
LH:36
BRDA:14,0,0,33
BRDA:14,0,1,98
BRDA:18,1,0,32
BRDA:18,1,1,99
BRDA:18,2,0,131
BRDA:18,2,1,32
BRDA:21,3,0,32
BRDA:21,3,1,0
BRDA:39,4,0,11
BRDA:39,4,1,45
BRDA:57,5,0,14
BRDA:57,5,1,36
BRDA:61,6,0,40
BRDA:61,6,1,10
BRDA:61,7,0,50
BRDA:61,7,1,10
BRDA:67,8,0,1
BRDA:67,8,1,49
BRDA:67,9,0,50
BRDA:67,9,1,4
BRDA:70,10,0,2
BRDA:70,10,1,47
BRDA:70,11,0,49
BRDA:70,11,1,3
BRF:24
BRH:23
end_of_record
TN:
SF:/Users/ibelaev/AlfaCode/ARUI_FEATHER/arui-feather/src/card-input/card-input.tsx
FN:20,(anonymous_9)
FN:33,(anonymous_11)
FN:38,(anonymous_12)
FN:51,(anonymous_13)
FN:58,(anonymous_14)
FN:65,(anonymous_15)
FN:70,(anonymous_16)
FNF:7
FNH:7
FNDA:5,(anonymous_9)
FNDA:4,(anonymous_11)
FNDA:3,(anonymous_12)
FNDA:1,(anonymous_13)
FNDA:1,(anonymous_14)
FNDA:1,(anonymous_15)
FNDA:1,(anonymous_16)
DA:5,1
DA:7,1
DA:8,1
DA:10,1
DA:20,4
DA:21,4
DA:23,1
DA:33,4
DA:34,4
DA:39,3
DA:51,1
DA:52,1
DA:58,1
DA:59,1
DA:65,1
DA:66,1
DA:68,1
DA:70,1
DA:71,1
DA:72,1
LF:20
LH:20
BRDA:20,0,0,4
BRDA:20,0,1,4
BRDA:20,0,2,4
BRF:3
BRH:3
end_of_record
TN:
SF:/Users/ibelaev/AlfaCode/ARUI_FEATHER/arui-feather/src/checkbox/checkbox.tsx
FN:129,(anonymous_7)
FN:260,(anonymous_9)
FN:273,(anonymous_10)
FN:281,(anonymous_11)
FN:281,(anonymous_12)
FN:283,(anonymous_13)
FN:291,(anonymous_14)
FN:301,(anonymous_15)
FN:145,(anonymous_16)
FN:167,(anonymous_17)
FN:179,(anonymous_18)
FN:224,(anonymous_19)
FN:256,(anonymous_20)
FN:314,(anonymous_21)
FN:322,(anonymous_22)
FN:331,(anonymous_23)
FN:341,(anonymous_24)
FNF:17
FNH:13
FNDA:36,(anonymous_7)
FNDA:5,(anonymous_9)
FNDA:3,(anonymous_10)
FNDA:0,(anonymous_11)
FNDA:0,(anonymous_12)
FNDA:2,(anonymous_13)
FNDA:3,(anonymous_14)
FNDA:2,(anonymous_15)
FNDA:47,(anonymous_16)
FNDA:59,(anonymous_17)
FNDA:40,(anonymous_18)
FNDA:7,(anonymous_19)
FNDA:0,(anonymous_20)
FNDA:1,(anonymous_21)
FNDA:0,(anonymous_22)
FNDA:1,(anonymous_23)
FNDA:2,(anonymous_24)
DA:5,2
DA:7,2
DA:8,2
DA:10,2
DA:11,2
DA:12,2
DA:14,2
DA:15,2
DA:129,34
DA:130,34
DA:132,2
DA:137,34
DA:145,47
DA:146,47
DA:148,47
DA:168,59
DA:179,2
DA:180,40
DA:224,2
DA:225,7
DA:256,2
DA:257,0
DA:260,34
DA:261,5
DA:263,5
DA:265,5
DA:267,5
DA:268,3
DA:273,34
DA:274,3
DA:276,3
DA:277,1
DA:281,34
DA:283,34
DA:284,2
DA:286,2
DA:287,1
DA:291,34
DA:292,3
DA:293,3
DA:296,3
DA:297,1
DA:301,34
DA:302,2
DA:303,2
DA:306,2
DA:307,1
DA:314,2
DA:315,1
DA:322,2
DA:323,0
DA:324,0
DA:331,2
DA:332,1
DA:334,1
DA:339,2
DA:341,2
DA:342,2
DA:343,2
LF:59
LH:56
BRDA:129,0,0,34
BRDA:129,0,1,34
BRDA:129,0,2,34
BRDA:261,1,0,5
BRDA:261,1,1,0
BRDA:263,2,0,4
BRDA:263,2,1,1
BRDA:267,3,0,3
BRDA:267,3,1,2
BRDA:276,4,0,1
BRDA:276,4,1,2
BRDA:286,5,0,1
BRDA:286,5,1,1
BRDA:292,6,0,3
BRDA:292,6,1,0
BRDA:296,7,0,1
BRDA:296,7,1,2
BRDA:302,8,0,2
BRDA:302,8,1,0
BRDA:306,9,0,1
BRDA:306,9,1,1
BRDA:146,10,0,30
BRDA:146,10,1,17
BRDA:154,11,0,47
BRDA:154,11,1,40
BRDA:158,12,0,7
BRDA:158,12,1,40
BRDA:173,13,0,7
BRDA:173,13,1,40
BRDA:194,14,0,40
BRDA:194,14,1,40
BRDA:197,15,0,0
BRDA:197,15,1,40
BRDA:201,16,0,40
BRDA:201,16,1,35
BRDA:201,16,2,0
BRDA:204,17,0,0
BRDA:204,17,1,0
BRDA:208,18,0,40
BRDA:208,18,1,5
BRDA:208,18,2,0
BRDA:211,19,0,0
BRDA:211,19,1,0
BRDA:216,20,0,40
BRDA:216,20,1,14
BRDA:232,21,0,7
BRDA:232,21,1,0
BRDA:233,22,0,7
BRDA:233,22,1,0
BRDA:237,23,0,1
BRDA:237,23,1,6
BRDA:323,24,0,0
BRDA:323,24,1,0
BRF:53
BRH:39
end_of_record
TN:
SF:/Users/ibelaev/AlfaCode/ARUI_FEATHER/arui-feather/src/checkbox-group/checkbox-group.tsx
FN:95,(anonymous_9)
FN:182,(anonymous_11)
FN:185,(anonymous_12)
FN:202,(anonymous_13)
FN:208,(anonymous_14)
FN:108,(anonymous_15)
FN:131,(anonymous_16)
FN:134,(anonymous_17)
FN:136,(anonymous_18)
FN:139,(anonymous_19)
FN:217,(anonymous_20)
FN:227,(anonymous_21)
FN:234,(anonymous_22)
FNF:13
FNH:12
FNDA:13,(anonymous_9)
FNDA:1,(anonymous_11)
FNDA:0,(anonymous_12)
FNDA:1,(anonymous_13)
FNDA:1,(anonymous_14)
FNDA:13,(anonymous_15)
FNDA:23,(anonymous_16)
FNDA:17,(anonymous_17)
FNDA:3,(anonymous_18)
FNDA:1,(anonymous_19)
FNDA:1,(anonymous_20)
FNDA:1,(anonymous_21)
FNDA:1,(anonymous_22)
DA:5,1
DA:6,1
DA:8,1
DA:9,1
DA:95,12
DA:96,12
DA:98,1
DA:102,12
DA:108,13
DA:109,13
DA:110,13
DA:111,13
DA:113,13
DA:114,2
DA:117,13
DA:118,12
DA:120,12
DA:123,13
DA:124,0
DA:127,13
DA:128,12
DA:129,12
DA:131,12
DA:132,23
DA:133,21
DA:134,17
DA:136,3
DA:139,1
DA:144,21
DA:151,13
DA:182,12
DA:184,1
DA:185,1
DA:187,1
DA:188,1
DA:190,0
DA:193,1
DA:197,1
DA:198,1
DA:202,12
DA:203,1
DA:204,1
DA:208,12
DA:209,1
DA:210,1
DA:217,1
DA:218,1
DA:219,1
DA:227,1
DA:228,1
DA:229,1
DA:232,1
DA:234,1
DA:235,1
DA:236,1
LF:55
LH:53
BRDA:95,0,0,12
BRDA:95,0,1,12
BRDA:95,0,2,12
BRDA:184,1,0,0
BRDA:184,1,1,1
BRDA:187,2,0,1
BRDA:187,2,1,0
BRDA:197,3,0,1
BRDA:197,3,1,0
BRDA:203,4,0,1
BRDA:203,4,1,0
BRDA:209,5,0,1
BRDA:209,5,1,0
BRDA:113,6,0,2
BRDA:113,6,1,11
BRDA:117,7,0,12
BRDA:117,7,1,1
BRDA:123,8,0,0
BRDA:123,8,1,13
BRDA:127,9,0,12
BRDA:127,9,1,1
BRDA:129,10,0,11
BRDA:129,10,1,1
BRDA:132,11,0,21
BRDA:132,11,1,2
BRDA:136,12,0,21
BRDA:136,12,1,0
BRDA:139,13,0,21
BRDA:139,13,1,0
BRDA:145,14,0,21
BRDA:145,14,1,0
BRDA:144,15,0,21
BRDA:144,15,1,21
BRDA:157,16,0,0
BRDA:157,16,1,13
BRDA:168,17,0,13
BRDA:168,17,1,0
BRDA:218,18,0,1
BRDA:218,18,1,0
BRDA:218,19,0,1
BRDA:218,19,1,1
BRDA:228,20,0,1
BRDA:228,20,1,0
BRF:43
BRH:30
end_of_record
TN:
SF:/Users/ibelaev/AlfaCode/ARUI_FEATHER/arui-feather/src/collapse/collapse.tsx
FN:65,(anonymous_7)
FN:138,(anonymous_9)
FN:151,(anonymous_10)
FN:81,(anonymous_11)
FN:85,(anonymous_12)
FN:89,(anonymous_13)
FN:107,(anonymous_14)
FN:112,(anonymous_15)
FN:168,(anonymous_16)
FNF:9
FNH:9
FNDA:9,(anonymous_7)
FNDA:1,(anonymous_9)
FNDA:12,(anonymous_10)
FNDA:8,(anonymous_11)
FNDA:2,(anonymous_12)
FNDA:10,(anonymous_13)
FNDA:11,(anonymous_14)
FNDA:11,(anonymous_15)
FNDA:1,(anonymous_16)
DA:5,1
DA:7,1
DA:8,1
DA:10,1
DA:11,1
DA:12,1
DA:13,1
DA:65,8
DA:66,8
DA:68,1
DA:73,8
DA:81,1
DA:82,8
DA:85,1
DA:86,2
DA:89,10
DA:91,10
DA:93,10
DA:94,4
DA:95,6
DA:98,10
DA:108,11
DA:113,11
DA:138,8
DA:140,1
DA:142,1
DA:146,1
DA:147,1
DA:151,8
DA:152,12
DA:156,12
DA:157,5
DA:159,7
DA:162,12
DA:163,11
DA:166,1
DA:168,1
DA:169,1
DA:170,1
LF:39
LH:39
BRDA:65,0,0,8
BRDA:65,0,1,8
BRDA:65,0,2,8
BRDA:140,1,0,1
BRDA:140,1,1,0
BRDA:146,2,0,1
BRDA:146,2,1,0
BRDA:152,3,0,8
BRDA:152,3,1,4
BRDA:156,4,0,5
BRDA:156,4,1,7
BRDA:162,5,0,11
BRDA:162,5,1,1
BRDA:91,6,0,6
BRDA:91,6,1,4
BRDA:94,7,0,4
BRDA:94,7,1,6
BRDA:130,8,0,4
BRDA:130,8,1,6
BRF:19
BRH:17
end_of_record
TN:
SF:/Users/ibelaev/AlfaCode/ARUI_FEATHER/arui-feather/src/dropdown/dropdown.tsx
FN:122,(anonymous_9)
FN:249,(anonymous_11)
FN:262,(anonymous_12)
FN:270,(anonymous_13)
FN:278,(anonymous_14)
FN:286,(anonymous_15)
FN:294,(anonymous_16)
FN:145,(anonymous_17)
FN:149,(anonymous_18)
FN:162,(anonymous_19)
FN:171,(anonymous_20)
FN:176,(anonymous_21)
FN:191,(anonymous_22)
FN:196,(anonymous_23)
FN:209,(anonymous_24)
FN:233,(anonymous_25)
FN:303,(anonymous_26)
FNF:17
FNH:16
FNDA:20,(anonymous_9)
FNDA:3,(anonymous_11)
FNDA:2,(anonymous_12)
FNDA:1,(anonymous_13)
FNDA:1,(anonymous_14)
FNDA:1,(anonymous_15)
FNDA:0,(anonymous_16)
FNDA:14,(anonymous_17)
FNDA:20,(anonymous_18)
FNDA:20,(anonymous_19)
FNDA:8,(anonymous_20)
FNDA:10,(anonymous_21)
FNDA:12,(anonymous_22)
FNDA:16,(anonymous_23)
FNDA:20,(anonymous_24)
FNDA:26,(anonymous_25)
FNDA:6,(anonymous_26)
DA:5,6
DA:7,6
DA:8,6
DA:10,6
DA:11,6
DA:12,6
DA:14,6
DA:122,14
DA:123,14
DA:125,6
DA:135,14
DA:145,6
DA:146,14
DA:149,6
DA:150,20
DA:162,6
DA:163,20
DA:164,20
DA:166,20
DA:171,8
DA:172,8
DA:177,10
DA:191,12
DA:192,12
DA:197,16
DA:209,20
DA:211,20
DA:213,20
DA:215,20
DA:217,20
DA:219,0
DA:223,20
DA:230,20
DA:234,26
DA:249,14
DA:251,3
DA:253,3
DA:257,3
DA:258,1
DA:262,14
DA:263,2
DA:265,2
DA:266,2
DA:270,14
DA:271,1
DA:273,1
DA:274,1
DA:278,14
DA:279,1
DA:281,1
DA:282,1
DA:286,14
DA:287,1
DA:289,1
DA:290,1
DA:294,14
DA:295,0
DA:297,0
DA:298,0
DA:301,6
DA:303,6
DA:304,6
DA:305,6
LF:63
LH:59
BRDA:122,0,0,14
BRDA:122,0,1,14
BRDA:122,0,2,14
BRDA:251,1,0,3
BRDA:251,1,1,0
BRDA:257,2,0,1
BRDA:257,2,1,2
BRDA:265,3,0,2
BRDA:265,3,1,0
BRDA:273,4,0,1
BRDA:273,4,1,0
BRDA:281,5,0,1
BRDA:281,5,1,0
BRDA:289,6,0,1
BRDA:289,6,1,0
BRDA:297,7,0,0
BRDA:297,7,1,0
BRDA:163,8,0,20
BRDA:163,8,1,19
BRDA:164,9,0,12
BRDA:164,9,1,8
BRDA:167,10,0,8
BRDA:167,10,1,12
BRDA:181,11,0,8
BRDA:181,11,1,1
BRDA:182,12,0,1
BRDA:182,12,1,7
BRDA:202,13,0,0
BRDA:202,13,1,12
BRDA:211,14,0,12
BRDA:211,14,1,8
BRDA:213,15,0,20
BRDA:213,15,1,0
BRDA:213,16,0,20
BRDA:213,16,1,20
BRDA:213,16,2,20
BRDA:216,17,0,0
BRDA:216,17,1,20
BRDA:216,17,2,0
BRDA:216,17,3,0
BRDA:237,18,0,20
BRDA:237,18,1,19
BRDA:237,18,2,13
BRDA:237,18,3,3
BRDA:237,18,4,3
BRF:45
BRH:33
end_of_record
TN:
SF:/Users/ibelaev/AlfaCode/ARUI_FEATHER/arui-feather/src/dropzone/dropzone.tsx
FN:74,(anonymous_7)
FN:91,(anonymous_9)
FN:100,(anonymous_10)
FN:114,(anonymous_11)
FN:129,(anonymous_12)
FN:145,(anonymous_13)
FN:149,(anonymous_14)
FN:152,(anonymous_15)
FN:172,(anonymous_16)
FNF:9
FNH:9
FNDA:8,(anonymous_7)
FNDA:1,(anonymous_9)
FNDA:2,(anonymous_10)
FNDA:2,(anonymous_11)
FNDA:2,(anonymous_12)
FNDA:7,(anonymous_13)
FNDA:10,(anonymous_14)
FNDA:13,(anonymous_15)
FNDA:1,(anonymous_16)
DA:7,1
DA:9,1
DA:10,1
DA:74,7
DA:75,7
DA:77,1
DA:82,7
DA:91,7
DA:92,1
DA:93,1
DA:95,1
DA:96,1
DA:100,7
DA:101,2
DA:102,2
DA:104,2
DA:105,2
DA:106,2
DA:109,2
DA:110,1
DA:114,7
DA:115,2
DA:116,2
DA:118,2
DA:119,2
DA:120,0
DA:122,2
DA:124,2
DA:125,1
DA:129,7
DA:130,2
DA:131,2
DA:133,2
DA:135,2
DA:136,2
DA:137,2
DA:140,2
DA:141,2
DA:145,1
DA:146,7
DA:149,10
DA:150,10
DA:153,13
DA:170,1
DA:172,1
DA:173,1
DA:174,1
LF:47
LH:46
BRDA:74,0,0,7
BRDA:74,0,1,7
BRDA:74,0,2,7
BRDA:95,1,0,1
BRDA:95,1,1,0
BRDA:105,2,0,2
BRDA:105,2,1,0
BRDA:105,3,0,2
BRDA:105,3,1,2
BRDA:109,4,0,1
BRDA:109,4,1,1
BRDA:119,5,0,0
BRDA:119,5,1,2
BRDA:124,6,0,1
BRDA:124,6,1,1
BRDA:135,7,0,2
BRDA:135,7,1,0
BRDA:135,8,0,2
BRDA:135,8,1,2
BRDA:136,9,0,2
BRDA:136,9,1,0
BRF:21
BRH:16
end_of_record
TN:
SF:/Users/ibelaev/AlfaCode/ARUI_FEATHER/arui-feather/src/email-input/email-input.tsx
FN:17,(anonymous_9)
FN:26,(anonymous_11)
FN:31,(anonymous_12)
FN:43,(anonymous_13)
FN:50,(anonymous_14)
FN:57,(anonymous_15)
FN:62,(anonymous_16)
FNF:7
FNH:7
FNDA:4,(anonymous_9)
FNDA:3,(anonymous_11)
FNDA:2,(anonymous_12)
FNDA:1,(anonymous_13)
FNDA:1,(anonymous_14)
FNDA:1,(anonymous_15)
FNDA:1,(anonymous_16)
DA:7,1
DA:8,1
DA:9,1
DA:11,1
DA:17,3
DA:18,3
DA:26,3
DA:27,3
DA:32,2
DA:43,1
DA:44,1
DA:50,1
DA:51,1
DA:57,1
DA:58,1
DA:60,1
DA:62,1
DA:63,1
DA:64,1
LF:19
LH:19
BRDA:17,0,0,3
BRDA:17,0,1,3
BRDA:17,0,2,3
BRF:3
BRH:3
end_of_record
TN:
SF:/Users/ibelaev/AlfaCode/ARUI_FEATHER/arui-feather/src/flag-icon/flag-icon.tsx
FN:58,(anonymous_7)
FN:67,(anonymous_9)
FN:82,(anonymous_10)
FNF:3
FNH:3
FNDA:989,(anonymous_7)
FNDA:996,(anonymous_9)
FNDA:2,(anonymous_10)
DA:7,2
DA:9,2
DA:10,2
DA:58,987
DA:59,987
DA:61,2
DA:67,2
DA:68,996
DA:80,2
DA:82,2
DA:83,2
DA:84,2
LF:12
LH:12
BRDA:58,0,0,987
BRDA:58,0,1,987
BRDA:58,0,2,987
BRF:3
BRH:3
end_of_record
TN:
SF:/Users/ibelaev/AlfaCode/ARUI_FEATHER/arui-feather/src/form/form.tsx
FN:92,(anonymous_7)
FN:134,(anonymous_9)
FN:104,(anonymous_10)
FN:143,(anonymous_11)
FNF:4
FNH:4
FNDA:4,(anonymous_7)
FNDA:1,(anonymous_9)
FNDA:3,(anonymous_10)
FNDA:1,(anonymous_11)
DA:5,1
DA:7,1
DA:8,1
DA:92,3
DA:93,3
DA:95,1
DA:104,1
DA:105,3
DA:134,3
DA:135,1
DA:137,1
DA:138,1
DA:141,1
DA:143,1
DA:144,1
DA:145,1
LF:16
LH:16
BRDA:92,0,0,3
BRDA:92,0,1,3
BRDA:92,0,2,3
BRDA:137,1,0,1
BRDA:137,1,1,0
BRDA:111,2,0,0
BRDA:111,2,1,3
BRDA:123,3,0,3
BRDA:123,3,1,1
BRF:9
BRH:7
end_of_record
TN:
SF:/Users/ibelaev/AlfaCode/ARUI_FEATHER/arui-feather/src/form-field/form-field.tsx
FN:47,(anonymous_7)
FN:54,(anonymous_9)
FN:67,(anonymous_10)
FNF:3
FNH:3
FNDA:2,(anonymous_7)
FNDA:1,(anonymous_9)
FNDA:1,(anonymous_10)
DA:5,1
DA:7,1
DA:8,1
DA:47,1
DA:48,1
DA:50,1
DA:54,1
DA:55,1
DA:65,1
DA:67,1
DA:68,1
DA:69,1
LF:12
LH:12
BRDA:47,0,0,1
BRDA:47,0,1,1
BRDA:47,0,2,1
BRF:3
BRH:3
end_of_record
TN:
SF:/Users/ibelaev/AlfaCode/ARUI_FEATHER/arui-feather/src/grid-col/grid-col.tsx
FN:91,(anonymous_10)
FN:98,(anonymous_12)
FN:128,(anonymous_13)
FN:131,(anonymous_14)
FN:142,(anonymous_15)
FN:147,(anonymous_16)
FNF:6
FNH:6
FNDA:6,(anonymous_10)
FNDA:4,(anonymous_12)
FNDA:4,(anonymous_13)
FNDA:12,(anonymous_14)
FNDA:3,(anonymous_15)
FNDA:1,(anonymous_16)
DA:4,2
DA:6,2
DA:91,4
DA:92,4
DA:94,2
DA:98,2
DA:99,4
DA:100,4
DA:101,4
DA:102,4
DA:103,4
DA:104,4
DA:105,4
DA:106,4
DA:109,4
DA:128,2
DA:129,4
DA:131,4
DA:132,12
DA:134,12
DA:135,11
DA:137,1
DA:138,0
DA:140,0
DA:142,1
DA:143,3
DA:144,0
DA:146,3
DA:147,1
DA:148,1
DA:149,0
DA:151,1
DA:154,2
DA:159,4
DA:161,2
DA:163,2
LF:36
LH:32
BRDA:91,0,0,4
BRDA:91,0,1,4
BRDA:91,0,2,4
BRDA:134,1,0,11
BRDA:134,1,1,1
BRDA:137,2,0,0
BRDA:137,2,1,1
BRDA:143,3,0,0
BRDA:143,3,1,3
BRDA:146,4,0,1
BRDA:146,4,1,2
BRDA:148,5,0,0
BRDA:148,5,1,1
BRF:13
BRH:10
end_of_record
TN:
SF:/Users/ibelaev/AlfaCode/ARUI_FEATHER/arui-feather/src/grid-row/grid-row.tsx
FN:71,(anonymous_10)
FN:92,(anonymous_12)
FN:105,(anonymous_13)
FN:110,(anonymous_14)
FN:144,(anonymous_15)
FN:146,(anonymous_16)
FN:154,(anonymous_17)
FNF:7
FNH:7
FNDA:4,(anonymous_10)
FNDA:3,(anonymous_12)
FNDA:7,(anonymous_13)
FNDA:5,(anonymous_14)
FNDA:3,(anonymous_15)
FNDA:2,(anonymous_16)
FNDA:5,(anonymous_17)
DA:5,1
DA:7,1
DA:71,3
DA:72,3
DA:74,1
DA:90,3
DA:92,1
DA:93,3
DA:94,3
DA:95,3
DA:96,3
DA:97,3
DA:98,3
DA:99,3
DA:102,3
DA:104,3
DA:105,3
DA:106,7
DA:107,0
DA:109,7
DA:110,5
DA:111,5
DA:112,0
DA:114,5
DA:117,2
DA:121,0
DA:124,3
DA:144,3
DA:145,3
DA:147,2
DA:148,0
DA:150,2
DA:151,0
DA:153,2
DA:154,5
DA:156,2
DA:158,2
DA:162,1
DA:164,1
LF:39
LH:34
BRDA:71,0,0,3
BRDA:71,0,1,3
BRDA:71,0,2,3
BRDA:104,1,0,3
BRDA:104,1,1,0
BRDA:106,2,0,0
BRDA:106,2,1,7
BRDA:109,3,0,5
BRDA:109,3,1,2
BRDA:111,4,0,0
BRDA:111,4,1,5
BRDA:147,5,0,0
BRDA:147,5,1,2
BRDA:150,6,0,0
BRDA:150,6,1,2
BRDA:156,7,0,0
BRDA:156,7,1,2
BRF:17
BRH:11
end_of_record
TN:
SF:/Users/ibelaev/AlfaCode/ARUI_FEATHER/arui-feather/src/heading/heading.tsx
FN:60,(anonymous_7)
FN:68,(anonymous_9)
FN:84,(anonymous_10)
FNF:3
FNH:3
FNDA:8,(anonymous_7)
FNDA:6,(anonymous_9)
FNDA:2,(anonymous_10)
DA:5,2
DA:7,2
DA:8,2
DA:10,2
DA:60,6
DA:61,6
DA:63,2
DA:68,2
DA:69,6
DA:78,6
DA:82,2
DA:84,2
DA:85,2
DA:86,2
LF:14
LH:14
BRDA:60,0,0,6
BRDA:60,0,1,6
BRDA:60,0,2,6
BRF:3
BRH:3
end_of_record
TN:
SF:/Users/ibelaev/AlfaCode/ARUI_FEATHER/arui-feather/src/icon/icon.tsx
FN:52,(anonymous_7)
FN:59,(anonymous_9)
FN:84,(anonymous_10)
FNF:3
FNH:3
FNDA:219,(anonymous_7)
FNDA:199,(anonymous_9)
FNDA:20,(anonymous_10)
DA:5,20
DA:7,20
DA:8,20
DA:52,199
DA:53,199
DA:55,20
DA:59,20
DA:64,199
DA:66,199
DA:67,199
DA:70,199
DA:71,1
DA:74,199
DA:82,20
DA:84,20
DA:85,20
DA:86,20
LF:17
LH:17
BRDA:52,0,0,199
BRDA:52,0,1,199
BRDA:52,0,2,199
BRDA:66,1,0,199
BRDA:66,1,1,0
BRDA:70,2,0,1
BRDA:70,2,1,198
BRF:7
BRH:6
end_of_record
TN:
SF:/Users/ibelaev/AlfaCode/ARUI_FEATHER/arui-feather/src/icon-button/icon-button.tsx
FN:15,(anonymous_6)
FN:19,(anonymous_8)
FNF:2
FNH:2
FNDA:126,(anonymous_6)
FNDA:15,(anonymous_8)
DA:5,15
DA:6,15
DA:8,15
DA:15,111
DA:16,111
DA:17,15
DA:19,15
DA:20,15
DA:21,15
LF:9
LH:9
BRDA:15,0,0,111
BRDA:15,0,1,111
BRDA:15,0,2,0
BRF:3
BRH:2
end_of_record
TN:
SF:/Users/ibelaev/AlfaCode/ARUI_FEATHER/arui-feather/src/icon/action/action-photo-or-file/action-photo-or-file.tsx
FN:10,(anonymous_9)
FN:11,(anonymous_11)
FN:21,(anonymous_12)
FNF:3
FNH:2
FNDA:1,(anonymous_9)
FNDA:0,(anonymous_11)
FNDA:1,(anonymous_12)
DA:5,1
DA:6,1
DA:7,1
DA:10,1
DA:11,1
DA:12,0
DA:19,1
DA:21,1
DA:22,1
DA:23,1
LF:10
LH:9
BRF:0
BRH:0
end_of_record
TN:
SF:/Users/ibelaev/AlfaCode/ARUI_FEATHER/arui-feather/src/icon/action/add/add.tsx
FN:10,(anonymous_9)
FN:11,(anonymous_11)
FN:21,(anonymous_12)
FNF:3
FNH:2
FNDA:1,(anonymous_9)
FNDA:0,(anonymous_11)
FNDA:1,(anonymous_12)
DA:5,1
DA:6,1
DA:7,1
DA:10,1
DA:11,1
DA:12,0
DA:19,1
DA:21,1
DA:22,1
DA:23,1
LF:10
LH:9
BRF:0
BRH:0
end_of_record
TN:
SF:/Users/ibelaev/AlfaCode/ARUI_FEATHER/arui-feather/src/icon/action/add-filled/add-filled.tsx
FN:10,(anonymous_9)
FN:11,(anonymous_11)
FN:21,(anonymous_12)
FNF:3
FNH:2
FNDA:1,(anonymous_9)
FNDA:0,(anonymous_11)
FNDA:1,(anonymous_12)
DA:5,1
DA:6,1
DA:7,1
DA:10,1
DA:11,1
DA:12,0
DA:19,1
DA:21,1
DA:22,1
DA:23,1
LF:10
LH:9
BRF:0
BRH:0
end_of_record
TN:
SF:/Users/ibelaev/AlfaCode/ARUI_FEATHER/arui-feather/src/icon/action/analytics/analytics.tsx
FN:10,(anonymous_9)
FN:11,(anonymous_11)
FN:21,(anonymous_12)
FNF:3
FNH:2
FNDA:1,(anonymous_9)
FNDA:0,(anonymous_11)
FNDA:1,(anonymous_12)
DA:5,1
DA:6,1
DA:7,1
DA:10,1
DA:11,1
DA:12,0
DA:19,1
DA:21,1
DA:22,1
DA:23,1
LF:10
LH:9
BRF:0
BRH:0
end_of_record
TN:
SF:/Users/ibelaev/AlfaCode/ARUI_FEATHER/arui-feather/src/icon/action/android-document/android-document.tsx
FN:10,(anonymous_9)
FN:11,(anonymous_11)
FN:21,(anonymous_12)
FNF:3
FNH:2
FNDA:1,(anonymous_9)
FNDA:0,(anonymous_11)
FNDA:1,(anonymous_12)
DA:5,1
DA:6,1
DA:7,1
DA:10,1
DA:11,1
DA:12,0
DA:19,1
DA:21,1
DA:22,1
DA:23,1
LF:10
LH:9
BRF:0
BRH:0
end_of_record
TN:
SF:/Users/ibelaev/AlfaCode/ARUI_FEATHER/arui-feather/src/icon/action/android-flash/android-flash.tsx
FN:10,(anonymous_9)
FN:11,(anonymous_11)
FN:21,(anonymous_12)
FNF:3
FNH:2
FNDA:1,(anonymous_9)
FNDA:0,(anonymous_11)
FNDA:1,(anonymous_12)
DA:5,1
DA:6,1
DA:7,1
DA:10,1
DA:11,1
DA:12,0
DA:19,1
DA:21,1
DA:22,1
DA:23,1
LF:10
LH:9
BRF:0
BRH:0
end_of_record
TN:
SF:/Users/ibelaev/AlfaCode/ARUI_FEATHER/arui-feather/src/icon/action/android-photo/android-photo.tsx
FN:10,(anonymous_9)
FN:11,(anonymous_11)
FN:21,(anonymous_12)
FNF:3
FNH:2
FNDA:1,(anonymous_9)
FNDA:0,(anonymous_11)
FNDA:1,(anonymous_12)
DA:5,1
DA:6,1
DA:7,1
DA:10,1
DA:11,1
DA:12,0
DA:19,1
DA:21,1
DA:22,1
DA:23,1
LF:10
LH:9
BRF:0
BRH:0
end_of_record
TN:
SF:/Users/ibelaev/AlfaCode/ARUI_FEATHER/arui-feather/src/icon/action/arrow-back/arrow-back.tsx
FN:10,(anonymous_9)
FN:11,(anonymous_11)
FN:21,(anonymous_12)
FNF:3
FNH:2
FNDA:1,(anonymous_9)
FNDA:0,(anonymous_11)
FNDA:1,(anonymous_12)
DA:5,1
DA:6,1
DA:7,1
DA:10,1
DA:11,1
DA:12,0
DA:19,1
DA:21,1
DA:22,1
DA:23,1
LF:10
LH:9
BRF:0
BRH:0
end_of_record
TN:
SF:/Users/ibelaev/AlfaCode/ARUI_FEATHER/arui-feather/src/icon/action/arrow-back-bold/arrow-back-bold.tsx
FN:10,(anonymous_9)
FN:11,(anonymous_11)
FN:21,(anonymous_12)
FNF:3
FNH:2
FNDA:1,(anonymous_9)
FNDA:0,(anonymous_11)
FNDA:1,(anonymous_12)
DA:5,1
DA:6,1
DA:7,1
DA:10,1
DA:11,1
DA:12,0
DA:19,1
DA:21,1
DA:22,1
DA:23,1
LF:10
LH:9
BRF:0
BRH:0
end_of_record
TN:
SF:/Users/ibelaev/AlfaCode/ARUI_FEATHER/arui-feather/src/icon/action/attachment/attachment.tsx
FN:10,(anonymous_9)
FN:11,(anonymous_11)
FN:21,(anonymous_12)
FNF:3
FNH:3
FNDA:14,(anonymous_9)
FNDA:12,(anonymous_11)
FNDA:2,(anonymous_12)
DA:5,2
DA:6,2
DA:7,2
DA:10,2
DA:11,2
DA:12,12
DA:19,2
DA:21,2
DA:22,2
DA:23,2
LF:10
LH:10
BRF:0
BRH:0
end_of_record
TN:
SF:/Users/ibelaev/AlfaCode/ARUI_FEATHER/arui-feather/src/icon/action/back/back.tsx
FN:10,(anonymous_9)
FN:11,(anonymous_11)
FN:21,(anonymous_12)
FNF:3
FNH:2
FNDA:1,(anonymous_9)
FNDA:0,(anonymous_11)
FNDA:1,(anonymous_12)
DA:5,1
DA:6,1
DA:7,1
DA:10,1
DA:11,1
DA:12,0
DA:19,1
DA:21,1
DA:22,1
DA:23,1
LF:10
LH:9
BRF:0
BRH:0
end_of_record
TN:
SF:/Users/ibelaev/AlfaCode/ARUI_FEATHER/arui-feather/src/icon/action/call/call.tsx
FN:10,(anonymous_9)
FN:11,(anonymous_11)
FN:21,(anonymous_12)
FNF:3
FNH:2
FNDA:1,(anonymous_9)
FNDA:0,(anonymous_11)
FNDA:1,(anonymous_12)
DA:5,1
DA:6,1
DA:7,1
DA:10,1
DA:11,1
DA:12,0
DA:19,1
DA:21,1
DA:22,1
DA:23,1
LF:10
LH:9
BRF:0
BRH:0
end_of_record
TN:
SF:/Users/ibelaev/AlfaCode/ARUI_FEATHER/arui-feather/src/icon/action/camera/camera.tsx
FN:10,(anonymous_9)
FN:11,(anonymous_11)
FN:21,(anonymous_12)
FNF:3
FNH:2
FNDA:1,(anonymous_9)
FNDA:0,(anonymous_11)
FNDA:1,(anonymous_12)
DA:5,1
DA:6,1
DA:7,1
DA:10,1
DA:11,1
DA:12,0
DA:19,1
DA:21,1
DA:22,1
DA:23,1
LF:10
LH:9
BRF:0
BRH:0
end_of_record
TN:
SF:/Users/ibelaev/AlfaCode/ARUI_FEATHER/arui-feather/src/icon/action/card-pin-change/card-pin-change.tsx
FN:10,(anonymous_9)
FN:11,(anonymous_11)
FN:21,(anonymous_12)
FNF:3
FNH:2
FNDA:1,(anonymous_9)
FNDA:0,(anonymous_11)
FNDA:1,(anonymous_12)
DA:5,1
DA:6,1
DA:7,1
DA:10,1
DA:11,1
DA:12,0
DA:19,1
DA:21,1
DA:22,1
DA:23,1
LF:10
LH:9
BRF:0
BRH:0
end_of_record
TN:
SF:/Users/ibelaev/AlfaCode/ARUI_FEATHER/arui-feather/src/icon/action/chat/chat.tsx
FN:10,(anonymous_9)
FN:11,(anonymous_11)
FN:21,(anonymous_12)
FNF:3
FNH:2
FNDA:1,(anonymous_9)
FNDA:0,(anonymous_11)
FNDA:1,(anonymous_12)
DA:5,1
DA:6,1
DA:7,1
DA:10,1
DA:11,1
DA:12,0
DA:19,1
DA:21,1
DA:22,1
DA:23,1
LF:10
LH:9
BRF:0
BRH:0
end_of_record
TN:
SF:/Users/ibelaev/AlfaCode/ARUI_FEATHER/arui-feather/src/icon/action/chat-message-error/chat-message-error.tsx
FN:10,(anonymous_9)
FN:11,(anonymous_11)
FN:21,(anonymous_12)
FNF:3
FNH:2
FNDA:1,(anonymous_9)
FNDA:0,(anonymous_11)
FNDA:1,(anonymous_12)
DA:5,1
DA:6,1
DA:7,1
DA:10,1
DA:11,1
DA:12,0
DA:19,1
DA:21,1
DA:22,1
DA:23,1
LF:10
LH:9
BRF:0
BRH:0
end_of_record
TN:
SF:/Users/ibelaev/AlfaCode/ARUI_FEATHER/arui-feather/src/icon/action/chat-send/chat-send.tsx
FN:10,(anonymous_9)
FN:11,(anonymous_11)
FN:21,(anonymous_12)
FNF:3
FNH:2
FNDA:1,(anonymous_9)
FNDA:0,(anonymous_11)
FNDA:1,(anonymous_12)
DA:5,1
DA:6,1
DA:7,1
DA:10,1
DA:11,1
DA:12,0
DA:19,1
DA:21,1
DA:22,1
DA:23,1
LF:10
LH:9
BRF:0
BRH:0
end_of_record
TN:
SF:/Users/ibelaev/AlfaCode/ARUI_FEATHER/arui-feather/src/icon/action/contactless/contactless.tsx
FN:10,(anonymous_9)
FN:11,(anonymous_11)
FN:21,(anonymous_12)
FNF:3
FNH:2
FNDA:1,(anonymous_9)
FNDA:0,(anonymous_11)
FNDA:1,(anonymous_12)
DA:5,1
DA:6,1
DA:7,1
DA:10,1
DA:11,1
DA:12,0
DA:19,1
DA:21,1
DA:22,1
DA:23,1
LF:10
LH:9
BRF:0
BRH:0
end_of_record
TN:
SF:/Users/ibelaev/AlfaCode/ARUI_FEATHER/arui-feather/src/icon/action/convert-rub-to-usd/convert-rub-to-usd.tsx
FN:10,(anonymous_9)
FN:11,(anonymous_11)
FN:21,(anonymous_12)
FNF:3
FNH:2
FNDA:1,(anonymous_9)
FNDA:0,(anonymous_11)
FNDA:1,(anonymous_12)
DA:5,1
DA:6,1
DA:7,1
DA:10,1
DA:11,1
DA:12,0
DA:19,1
DA:21,1
DA:22,1
DA:23,1
LF:10
LH:9
BRF:0
BRH:0
end_of_record
TN:
SF:/Users/ibelaev/AlfaCode/ARUI_FEATHER/arui-feather/src/icon/action/copy/copy.tsx
FN:10,(anonymous_9)
FN:11,(anonymous_11)
FN:21,(anonymous_12)
FNF:3
FNH:2
FNDA:1,(anonymous_9)
FNDA:0,(anonymous_11)
FNDA:1,(anonymous_12)
DA:5,1
DA:6,1
DA:7,1
DA:10,1
DA:11,1
DA:12,0
DA:19,1
DA:21,1
DA:22,1
DA:23,1
LF:10
LH:9
BRF:0
BRH:0
end_of_record
TN:
SF:/Users/ibelaev/AlfaCode/ARUI_FEATHER/arui-feather/src/icon/action/delete/delete.tsx
FN:10,(anonymous_9)
FN:11,(anonymous_11)
FN:21,(anonymous_12)
FNF:3
FNH:2
FNDA:1,(anonymous_9)
FNDA:0,(anonymous_11)
FNDA:1,(anonymous_12)
DA:5,1
DA:6,1
DA:7,1
DA:10,1
DA:11,1
DA:12,0
DA:19,1
DA:21,1
DA:22,1
DA:23,1
LF:10
LH:9
BRF:0
BRH:0
end_of_record
TN:
SF:/Users/ibelaev/AlfaCode/ARUI_FEATHER/arui-feather/src/icon/action/dislike/dislike.tsx
FN:10,(anonymous_9)
FN:11,(anonymous_11)
FN:21,(anonymous_12)
FNF:3
FNH:2
FNDA:1,(anonymous_9)
FNDA:0,(anonymous_11)
FNDA:1,(anonymous_12)
DA:5,1
DA:6,1
DA:7,1
DA:10,1
DA:11,1
DA:12,0
DA:19,1
DA:21,1
DA:22,1
DA:23,1
LF:10
LH:9
BRF:0
BRH:0
end_of_record
TN:
SF:/Users/ibelaev/AlfaCode/ARUI_FEATHER/arui-feather/src/icon/action/dislike-filled/dislike-filled.tsx
FN:10,(anonymous_9)
FN:11,(anonymous_11)
FN:21,(anonymous_12)
FNF:3
FNH:2
FNDA:1,(anonymous_9)
FNDA:0,(anonymous_11)
FNDA:1,(anonymous_12)
DA:5,1
DA:6,1
DA:7,1
DA:10,1
DA:11,1
DA:12,0
DA:19,1
DA:21,1
DA:22,1
DA:23,1
LF:10
LH:9
BRF:0
BRH:0
end_of_record
TN:
SF:/Users/ibelaev/AlfaCode/ARUI_FEATHER/arui-feather/src/icon/action/dots/dots.tsx
FN:10,(anonymous_9)
FN:11,(anonymous_11)
FN:21,(anonymous_12)
FNF:3
FNH:2
FNDA:1,(anonymous_9)
FNDA:0,(anonymous_11)
FNDA:1,(anonymous_12)
DA:5,1
DA:6,1
DA:7,1
DA:10,1
DA:11,1
DA:12,0
DA:19,1
DA:21,1
DA:22,1
DA:23,1
LF:10
LH:9
BRF:0
BRH:0
end_of_record
TN:
SF:/Users/ibelaev/AlfaCode/ARUI_FEATHER/arui-feather/src/icon/action/download/download.tsx
FN:10,(anonymous_9)
FN:11,(anonymous_11)
FN:21,(anonymous_12)
FNF:3
FNH:2
FNDA:1,(anonymous_9)
FNDA:0,(anonymous_11)
FNDA:1,(anonymous_12)
DA:5,1
DA:6,1
DA:7,1
DA:10,1
DA:11,1
DA:12,0
DA:19,1
DA:21,1
DA:22,1
DA:23,1
LF:10
LH:9
BRF:0
BRH:0
end_of_record
TN:
SF:/Users/ibelaev/AlfaCode/ARUI_FEATHER/arui-feather/src/icon/action/edit/edit.tsx
FN:10,(anonymous_9)
FN:11,(anonymous_11)
FN:21,(anonymous_12)
FNF:3
FNH:2
FNDA:1,(anonymous_9)
FNDA:0,(anonymous_11)
FNDA:1,(anonymous_12)
DA:5,1
DA:6,1
DA:7,1
DA:10,1
DA:11,1
DA:12,0
DA:19,1
DA:21,1
DA:22,1
DA:23,1
LF:10
LH:9
BRF:0
BRH:0
end_of_record
TN:
SF:/Users/ibelaev/AlfaCode/ARUI_FEATHER/arui-feather/src/icon/action/email/email.tsx
FN:10,(anonymous_9)
FN:11,(anonymous_11)
FN:21,(anonymous_12)
FNF:3
FNH:2
FNDA:1,(anonymous_9)
FNDA:0,(anonymous_11)
FNDA:1,(anonymous_12)
DA:5,1
DA:6,1
DA:7,1
DA:10,1
DA:11,1
DA:12,0
DA:19,1
DA:21,1
DA:22,1
DA:23,1
LF:10
LH:9
BRF:0
BRH:0
end_of_record
TN:
SF:/Users/ibelaev/AlfaCode/ARUI_FEATHER/arui-feather/src/icon/action/erase/erase.tsx
FN:10,(anonymous_9)
FN:11,(anonymous_11)
FN:21,(anonymous_12)
FNF:3
FNH:2
FNDA:1,(anonymous_9)
FNDA:0,(anonymous_11)
FNDA:1,(anonymous_12)
DA:5,1
DA:6,1
DA:7,1
DA:10,1
DA:11,1
DA:12,0
DA:19,1
DA:21,1
DA:22,1
DA:23,1
LF:10
LH:9
BRF:0
BRH:0
end_of_record
TN:
SF:/Users/ibelaev/AlfaCode/ARUI_FEATHER/arui-feather/src/icon/action/filter/filter.tsx
FN:10,(anonymous_9)
FN:11,(anonymous_11)
FN:21,(anonymous_12)
FNF:3
FNH:2
FNDA:1,(anonymous_9)
FNDA:0,(anonymous_11)
FNDA:1,(anonymous_12)
DA:5,1
DA:6,1
DA:7,1
DA:10,1
DA:11,1
DA:12,0
DA:19,1
DA:21,1
DA:22,1
DA:23,1
LF:10
LH:9
BRF:0
BRH:0
end_of_record
TN:
SF:/Users/ibelaev/AlfaCode/ARUI_FEATHER/arui-feather/src/icon/action/flash/flash.tsx
FN:10,(anonymous_9)
FN:11,(anonymous_11)
FN:21,(anonymous_12)
FNF:3
FNH:2
FNDA:1,(anonymous_9)
FNDA:0,(anonymous_11)
FNDA:1,(anonymous_12)
DA:5,1
DA:6,1
DA:7,1
DA:10,1
DA:11,1
DA:12,0
DA:19,1
DA:21,1
DA:22,1
DA:23,1
LF:10
LH:9
BRF:0
BRH:0
end_of_record
TN:
SF:/Users/ibelaev/AlfaCode/ARUI_FEATHER/arui-feather/src/icon/action/gallery-in-camera/gallery-in-camera.tsx
FN:10,(anonymous_9)
FN:11,(anonymous_11)
FN:21,(anonymous_12)
FNF:3
FNH:2
FNDA:1,(anonymous_9)
FNDA:0,(anonymous_11)
FNDA:1,(anonymous_12)
DA:5,1
DA:6,1
DA:7,1
DA:10,1
DA:11,1
DA:12,0
DA:19,1
DA:21,1
DA:22,1
DA:23,1
LF:10
LH:9
BRF:0
BRH:0
end_of_record
TN:
SF:/Users/ibelaev/AlfaCode/ARUI_FEATHER/arui-feather/src/icon/action/like/like.tsx
FN:10,(anonymous_9)
FN:11,(anonymous_11)
FN:21,(anonymous_12)
FNF:3
FNH:2
FNDA:1,(anonymous_9)
FNDA:0,(anonymous_11)
FNDA:1,(anonymous_12)
DA:5,1
DA:6,1
DA:7,1
DA:10,1
DA:11,1
DA:12,0
DA:19,1
DA:21,1
DA:22,1
DA:23,1
LF:10
LH:9
BRF:0
BRH:0
end_of_record
TN:
SF:/Users/ibelaev/AlfaCode/ARUI_FEATHER/arui-feather/src/icon/action/like-filled/like-filled.tsx
FN:10,(anonymous_9)
FN:11,(anonymous_11)
FN:21,(anonymous_12)
FNF:3
FNH:2
FNDA:1,(anonymous_9)
FNDA:0,(anonymous_11)
FNDA:1,(anonymous_12)
DA:5,1
DA:6,1
DA:7,1
DA:10,1
DA:11,1
DA:12,0
DA:19,1
DA:21,1
DA:22,1
DA:23,1
LF:10
LH:9
BRF:0
BRH:0
end_of_record
TN:
SF:/Users/ibelaev/AlfaCode/ARUI_FEATHER/arui-feather/src/icon/action/lock/lock.tsx
FN:10,(anonymous_9)
FN:11,(anonymous_11)
FN:21,(anonymous_12)
FNF:3
FNH:2
FNDA:1,(anonymous_9)
FNDA:0,(anonymous_11)
FNDA:1,(anonymous_12)
DA:5,1
DA:6,1
DA:7,1
DA:10,1
DA:11,1
DA:12,0
DA:19,1
DA:21,1
DA:22,1
DA:23,1
LF:10
LH:9
BRF:0
BRH:0
end_of_record
TN:
SF:/Users/ibelaev/AlfaCode/ARUI_FEATHER/arui-feather/src/icon/action/lock-filled/lock-filled.tsx
FN:10,(anonymous_9)
FN:11,(anonymous_11)
FN:21,(anonymous_12)
FNF:3
FNH:2
FNDA:1,(anonymous_9)
FNDA:0,(anonymous_11)
FNDA:1,(anonymous_12)
DA:5,1
DA:6,1
DA:7,1
DA:10,1
DA:11,1
DA:12,0
DA:19,1
DA:21,1
DA:22,1
DA:23,1
LF:10
LH:9
BRF:0
BRH:0
end_of_record
TN:
SF:/Users/ibelaev/AlfaCode/ARUI_FEATHER/arui-feather/src/icon/action/logout/logout.tsx
FN:10,(anonymous_9)
FN:11,(anonymous_11)
FN:21,(anonymous_12)
FNF:3
FNH:2
FNDA:1,(anonymous_9)
FNDA:0,(anonymous_11)
FNDA:1,(anonymous_12)
DA:5,1
DA:6,1
DA:7,1
DA:10,1
DA:11,1
DA:12,0
DA:19,1
DA:21,1
DA:22,1
DA:23,1
LF:10
LH:9
BRF:0
BRH:0
end_of_record
TN:
SF:/Users/ibelaev/AlfaCode/ARUI_FEATHER/arui-feather/src/icon/action/more/more.tsx
FN:10,(anonymous_9)
FN:11,(anonymous_11)
FN:21,(anonymous_12)
FNF:3
FNH:2
FNDA:1,(anonymous_9)
FNDA:0,(anonymous_11)
FNDA:1,(anonymous_12)
DA:5,1
DA:6,1
DA:7,1
DA:10,1
DA:11,1
DA:12,0
DA:19,1
DA:21,1
DA:22,1
DA:23,1
LF:10
LH:9
BRF:0
BRH:0
end_of_record
TN:
SF:/Users/ibelaev/AlfaCode/ARUI_FEATHER/arui-feather/src/icon/action/more-android/more-android.tsx
FN:10,(anonymous_9)
FN:11,(anonymous_11)
FN:21,(anonymous_12)
FNF:3
FNH:2
FNDA:1,(anonymous_9)
FNDA:0,(anonymous_11)
FNDA:1,(anonymous_12)
DA:5,1
DA:6,1
DA:7,1
DA:10,1
DA:11,1
DA:12,0
DA:19,1
DA:21,1
DA:22,1
DA:23,1
LF:10
LH:9
BRF:0
BRH:0
end_of_record
TN:
SF:/Users/ibelaev/AlfaCode/ARUI_FEATHER/arui-feather/src/icon/action/more-ios/more-ios.tsx
FN:10,(anonymous_9)
FN:11,(anonymous_11)
FN:21,(anonymous_12)
FNF:3
FNH:2
FNDA:1,(anonymous_9)
FNDA:0,(anonymous_11)
FNDA:1,(anonymous_12)
DA:5,1
DA:6,1
DA:7,1
DA:10,1
DA:11,1
DA:12,0
DA:19,1
DA:21,1
DA:22,1
DA:23,1
LF:10
LH:9
BRF:0
BRH:0
end_of_record
TN:
SF:/Users/ibelaev/AlfaCode/ARUI_FEATHER/arui-feather/src/icon/action/navigation-chat/navigation-chat.tsx
FN:10,(anonymous_9)
FN:11,(anonymous_11)
FN:21,(anonymous_12)
FNF:3
FNH:2
FNDA:1,(anonymous_9)
FNDA:0,(anonymous_11)
FNDA:1,(anonymous_12)
DA:5,1
DA:6,1
DA:7,1
DA:10,1
DA:11,1
DA:12,0
DA:19,1
DA:21,1
DA:22,1
DA:23,1
LF:10
LH:9
BRF:0
BRH:0
end_of_record
TN:
SF:/Users/ibelaev/AlfaCode/ARUI_FEATHER/arui-feather/src/icon/action/navigation-history/navigation-history.tsx
FN:10,(anonymous_9)
FN:11,(anonymous_11)
FN:21,(anonymous_12)
FNF:3
FNH:2
FNDA:1,(anonymous_9)
FNDA:0,(anonymous_11)
FNDA:1,(anonymous_12)
DA:5,1
DA:6,1
DA:7,1
DA:10,1
DA:11,1
DA:12,0
DA:19,1
DA:21,1
DA:22,1
DA:23,1
LF:10
LH:9
BRF:0
BRH:0
end_of_record
TN:
SF:/Users/ibelaev/AlfaCode/ARUI_FEATHER/arui-feather/src/icon/action/navigation-home/navigation-home.tsx
FN:10,(anonymous_9)
FN:11,(anonymous_11)
FN:21,(anonymous_12)
FNF:3
FNH:2
FNDA:1,(anonymous_9)
FNDA:0,(anonymous_11)
FNDA:1,(anonymous_12)
DA:5,1
DA:6,1
DA:7,1
DA:10,1
DA:11,1
DA:12,0
DA:19,1
DA:21,1
DA:22,1
DA:23,1
LF:10
LH:9
BRF:0
BRH:0
end_of_record
TN:
SF:/Users/ibelaev/AlfaCode/ARUI_FEATHER/arui-feather/src/icon/action/navigation-marketplace/navigation-marketplace.tsx
FN:10,(anonymous_9)
FN:11,(anonymous_11)
FN:21,(anonymous_12)
FNF:3
FNH:2
FNDA:1,(anonymous_9)
FNDA:0,(anonymous_11)
FNDA:1,(anonymous_12)
DA:5,1
DA:6,1
DA:7,1
DA:10,1
DA:11,1
DA:12,0
DA:19,1
DA:21,1
DA:22,1
DA:23,1
LF:10
LH:9
BRF:0
BRH:0
end_of_record
TN:
SF:/Users/ibelaev/AlfaCode/ARUI_FEATHER/arui-feather/src/icon/action/navigation-payment/navigation-payment.tsx
FN:10,(anonymous_9)
FN:11,(anonymous_11)
FN:21,(anonymous_12)
FNF:3
FNH:2
FNDA:1,(anonymous_9)
FNDA:0,(anonymous_11)
FNDA:1,(anonymous_12)
DA:5,1
DA:6,1
DA:7,1
DA:10,1
DA:11,1
DA:12,0
DA:19,1
DA:21,1
DA:22,1
DA:23,1
LF:10
LH:9
BRF:0
BRH:0
end_of_record
TN:
SF:/Users/ibelaev/AlfaCode/ARUI_FEATHER/arui-feather/src/icon/action/next/next.tsx
FN:10,(anonymous_9)
FN:11,(anonymous_11)
FN:21,(anonymous_12)
FNF:3
FNH:2
FNDA:1,(anonymous_9)
FNDA:0,(anonymous_11)
FNDA:1,(anonymous_12)
DA:5,1
DA:6,1
DA:7,1
DA:10,1
DA:11,1
DA:12,0
DA:19,1
DA:21,1
DA:22,1
DA:23,1
LF:10
LH:9
BRF:0
BRH:0
end_of_record
TN:
SF:/Users/ibelaev/AlfaCode/ARUI_FEATHER/arui-feather/src/icon/action/password-change/password-change.tsx
FN:10,(anonymous_9)
FN:11,(anonymous_11)
FN:21,(anonymous_12)
FNF:3
FNH:2
FNDA:1,(anonymous_9)
FNDA:0,(anonymous_11)
FNDA:1,(anonymous_12)
DA:5,1
DA:6,1
DA:7,1
DA:10,1
DA:11,1
DA:12,0
DA:19,1
DA:21,1
DA:22,1
DA:23,1
LF:10
LH:9
BRF:0
BRH:0
end_of_record
TN:
SF:/Users/ibelaev/AlfaCode/ARUI_FEATHER/arui-feather/src/icon/action/password-hide/password-hide.tsx
FN:10,(anonymous_9)
FN:11,(anonymous_11)
FN:21,(anonymous_12)
FNF:3
FNH:2
FNDA:1,(anonymous_9)
FNDA:0,(anonymous_11)
FNDA:1,(anonymous_12)
DA:5,1
DA:6,1
DA:7,1
DA:10,1
DA:11,1
DA:12,0
DA:19,1
DA:21,1
DA:22,1
DA:23,1
LF:10
LH:9
BRF:0
BRH:0
end_of_record
TN:
SF:/Users/ibelaev/AlfaCode/ARUI_FEATHER/arui-feather/src/icon/action/password-show/password-show.tsx
FN:10,(anonymous_9)
FN:11,(anonymous_11)
FN:21,(anonymous_12)
FNF:3
FNH:2
FNDA:1,(anonymous_9)
FNDA:0,(anonymous_11)
FNDA:1,(anonymous_12)
DA:5,1
DA:6,1
DA:7,1
DA:10,1
DA:11,1
DA:12,0
DA:19,1
DA:21,1
DA:22,1
DA:23,1
LF:10
LH:9
BRF:0
BRH:0
end_of_record
TN:
SF:/Users/ibelaev/AlfaCode/ARUI_FEATHER/arui-feather/src/icon/action/pause/pause.tsx
FN:10,(anonymous_9)
FN:11,(anonymous_11)
FN:21,(anonymous_12)
FNF:3
FNH:2
FNDA:1,(anonymous_9)
FNDA:0,(anonymous_11)
FNDA:1,(anonymous_12)
DA:5,1
DA:6,1
DA:7,1
DA:10,1
DA:11,1
DA:12,0
DA:19,1
DA:21,1
DA:22,1
DA:23,1
LF:10
LH:9
BRF:0
BRH:0
end_of_record
TN:
SF:/Users/ibelaev/AlfaCode/ARUI_FEATHER/arui-feather/src/icon/action/photo-card/photo-card.tsx
FN:10,(anonymous_9)
FN:11,(anonymous_11)
FN:21,(anonymous_12)
FNF:3
FNH:2
FNDA:1,(anonymous_9)
FNDA:0,(anonymous_11)
FNDA:1,(anonymous_12)
DA:5,1
DA:6,1
DA:7,1
DA:10,1
DA:11,1
DA:12,0
DA:19,1
DA:21,1
DA:22,1
DA:23,1
LF:10
LH:9
BRF:0
BRH:0
end_of_record
TN:
SF:/Users/ibelaev/AlfaCode/ARUI_FEATHER/arui-feather/src/icon/action/pin/pin.tsx
FN:10,(anonymous_9)
FN:11,(anonymous_11)
FN:21,(anonymous_12)
FNF:3
FNH:2
FNDA:1,(anonymous_9)
FNDA:0,(anonymous_11)
FNDA:1,(anonymous_12)
DA:5,1
DA:6,1
DA:7,1
DA:10,1
DA:11,1
DA:12,0
DA:19,1
DA:21,1
DA:22,1
DA:23,1
LF:10
LH:9
BRF:0
BRH:0
end_of_record
TN:
SF:/Users/ibelaev/AlfaCode/ARUI_FEATHER/arui-feather/src/icon/action/pin-unpin/pin-unpin.tsx
FN:10,(anonymous_9)
FN:11,(anonymous_11)
FN:21,(anonymous_12)
FNF:3
FNH:2
FNDA:1,(anonymous_9)
FNDA:0,(anonymous_11)
FNDA:1,(anonymous_12)
DA:5,1
DA:6,1
DA:7,1
DA:10,1
DA:11,1
DA:12,0
DA:19,1
DA:21,1
DA:22,1
DA:23,1
LF:10
LH:9
BRF:0
BRH:0
end_of_record
TN:
SF:/Users/ibelaev/AlfaCode/ARUI_FEATHER/arui-feather/src/icon/action/power/power.tsx
FN:10,(anonymous_9)
FN:11,(anonymous_11)
FN:21,(anonymous_12)
FNF:3
FNH:2
FNDA:1,(anonymous_9)
FNDA:0,(anonymous_11)
FNDA:1,(anonymous_12)
DA:5,1
DA:6,1
DA:7,1
DA:10,1
DA:11,1
DA:12,0
DA:19,1
DA:21,1
DA:22,1
DA:23,1
LF:10
LH:9
BRF:0
BRH:0
end_of_record
TN:
SF:/Users/ibelaev/AlfaCode/ARUI_FEATHER/arui-feather/src/icon/action/power-card/power-card.tsx
FN:10,(anonymous_9)
FN:11,(anonymous_11)
FN:21,(anonymous_12)
FNF:3
FNH:2
FNDA:1,(anonymous_9)
FNDA:0,(anonymous_11)
FNDA:1,(anonymous_12)
DA:5,1
DA:6,1
DA:7,1
DA:10,1
DA:11,1
DA:12,0
DA:19,1
DA:21,1
DA:22,1
DA:23,1
LF:10
LH:9
BRF:0
BRH:0
end_of_record
TN:
SF:/Users/ibelaev/AlfaCode/ARUI_FEATHER/arui-feather/src/icon/action/printer/printer.tsx
FN:10,(anonymous_9)
FN:11,(anonymous_11)
FN:21,(anonymous_12)
FNF:3
FNH:2
FNDA:1,(anonymous_9)
FNDA:0,(anonymous_11)
FNDA:1,(anonymous_12)
DA:5,1
DA:6,1
DA:7,1
DA:10,1
DA:11,1
DA:12,0
DA:19,1
DA:21,1
DA:22,1
DA:23,1
LF:10
LH:9
BRF:0
BRH:0
end_of_record
TN:
SF:/Users/ibelaev/AlfaCode/ARUI_FEATHER/arui-feather/src/icon/action/repeat/repeat.tsx
FN:10,(anonymous_9)
FN:11,(anonymous_11)
FN:21,(anonymous_12)
FNF:3
FNH:2
FNDA:1,(anonymous_9)
FNDA:0,(anonymous_11)
FNDA:1,(anonymous_12)
DA:5,1
DA:6,1
DA:7,1
DA:10,1
DA:11,1
DA:12,0
DA:19,1
DA:21,1
DA:22,1
DA:23,1
LF:10
LH:9
BRF:0
BRH:0
end_of_record
TN:
SF:/Users/ibelaev/AlfaCode/ARUI_FEATHER/arui-feather/src/icon/action/reply/reply.tsx
FN:10,(anonymous_9)
FN:11,(anonymous_11)
FN:21,(anonymous_12)
FNF:3
FNH:2
FNDA:1,(anonymous_9)
FNDA:0,(anonymous_11)
FNDA:1,(anonymous_12)
DA:5,1
DA:6,1
DA:7,1
DA:10,1
DA:11,1
DA:12,0
DA:19,1
DA:21,1
DA:22,1
DA:23,1
LF:10
LH:9
BRF:0
BRH:0
end_of_record
TN:
SF:/Users/ibelaev/AlfaCode/ARUI_FEATHER/arui-feather/src/icon/action/search/search.tsx
FN:10,(anonymous_9)
FN:11,(anonymous_11)
FN:21,(anonymous_12)
FNF:3
FNH:2
FNDA:2,(anonymous_9)
FNDA:0,(anonymous_11)
FNDA:2,(anonymous_12)
DA:5,2
DA:6,2
DA:7,2
DA:10,2
DA:11,2
DA:12,0
DA:19,2
DA:21,2
DA:22,2
DA:23,2
LF:10
LH:9
BRF:0
BRH:0
end_of_record
TN:
SF:/Users/ibelaev/AlfaCode/ARUI_FEATHER/arui-feather/src/icon/action/selfemloyed-reg/selfemloyed-reg.tsx
FN:10,(anonymous_9)
FN:11,(anonymous_11)
FN:21,(anonymous_12)
FNF:3
FNH:2
FNDA:1,(anonymous_9)
FNDA:0,(anonymous_11)
FNDA:1,(anonymous_12)
DA:5,1
DA:6,1
DA:7,1
DA:10,1
DA:11,1
DA:12,0
DA:19,1
DA:21,1
DA:22,1
DA:23,1
LF:10
LH:9
BRF:0
BRH:0
end_of_record
TN:
SF:/Users/ibelaev/AlfaCode/ARUI_FEATHER/arui-feather/src/icon/action/sent-done/sent-done.tsx
FN:10,(anonymous_9)
FN:11,(anonymous_11)
FN:21,(anonymous_12)
FNF:3
FNH:2
FNDA:1,(anonymous_9)
FNDA:0,(anonymous_11)
FNDA:1,(anonymous_12)
DA:5,1
DA:6,1
DA:7,1
DA:10,1
DA:11,1
DA:12,0
DA:19,1
DA:21,1
DA:22,1
DA:23,1
LF:10
LH:9
BRF:0
BRH:0
end_of_record
TN:
SF:/Users/ibelaev/AlfaCode/ARUI_FEATHER/arui-feather/src/icon/action/settings/settings.tsx
FN:10,(anonymous_9)
FN:11,(anonymous_11)
FN:21,(anonymous_12)
FNF:3
FNH:2
FNDA:1,(anonymous_9)
FNDA:0,(anonymous_11)
FNDA:1,(anonymous_12)
DA:5,1
DA:6,1
DA:7,1
DA:10,1
DA:11,1
DA:12,0
DA:19,1
DA:21,1
DA:22,1
DA:23,1
LF:10
LH:9
BRF:0
BRH:0
end_of_record
TN:
SF:/Users/ibelaev/AlfaCode/ARUI_FEATHER/arui-feather/src/icon/action/share-android/share-android.tsx
FN:10,(anonymous_9)
FN:11,(anonymous_11)
FN:21,(anonymous_12)
FNF:3
FNH:2
FNDA:1,(anonymous_9)
FNDA:0,(anonymous_11)
FNDA:1,(anonymous_12)
DA:5,1
DA:6,1
DA:7,1
DA:10,1
DA:11,1
DA:12,0
DA:19,1
DA:21,1
DA:22,1
DA:23,1
LF:10
LH:9
BRF:0
BRH:0
end_of_record
TN:
SF:/Users/ibelaev/AlfaCode/ARUI_FEATHER/arui-feather/src/icon/action/share-ios/share-ios.tsx
FN:10,(anonymous_9)
FN:11,(anonymous_11)
FN:21,(anonymous_12)
FNF:3
FNH:2
FNDA:1,(anonymous_9)
FNDA:0,(anonymous_11)
FNDA:1,(anonymous_12)
DA:5,1
DA:6,1
DA:7,1
DA:10,1
DA:11,1
DA:12,0
DA:19,1
DA:21,1
DA:22,1
DA:23,1
LF:10
LH:9
BRF:0
BRH:0
end_of_record
TN:
SF:/Users/ibelaev/AlfaCode/ARUI_FEATHER/arui-feather/src/icon/action/sign/sign.tsx
FN:10,(anonymous_9)
FN:11,(anonymous_11)
FN:21,(anonymous_12)
FNF:3
FNH:2
FNDA:1,(anonymous_9)
FNDA:0,(anonymous_11)
FNDA:1,(anonymous_12)
DA:5,1
DA:6,1
DA:7,1
DA:10,1
DA:11,1
DA:12,0
DA:19,1
DA:21,1
DA:22,1
DA:23,1
LF:10
LH:9
BRF:0
BRH:0
end_of_record
TN:
SF:/Users/ibelaev/AlfaCode/ARUI_FEATHER/arui-feather/src/icon/action/subtract/subtract.tsx
FN:10,(anonymous_9)
FN:11,(anonymous_11)
FN:21,(anonymous_12)
FNF:3
FNH:2
FNDA:1,(anonymous_9)
FNDA:0,(anonymous_11)
FNDA:1,(anonymous_12)
DA:5,1
DA:6,1
DA:7,1
DA:10,1
DA:11,1
DA:12,0
DA:19,1
DA:21,1
DA:22,1
DA:23,1
LF:10
LH:9
BRF:0
BRH:0
end_of_record
TN:
SF:/Users/ibelaev/AlfaCode/ARUI_FEATHER/arui-feather/src/icon/action/unlock/unlock.tsx
FN:10,(anonymous_9)
FN:11,(anonymous_11)
FN:21,(anonymous_12)
FNF:3
FNH:2
FNDA:1,(anonymous_9)
FNDA:0,(anonymous_11)
FNDA:1,(anonymous_12)
DA:5,1
DA:6,1
DA:7,1
DA:10,1
DA:11,1
DA:12,0
DA:19,1
DA:21,1
DA:22,1
DA:23,1
LF:10
LH:9
BRF:0
BRH:0
end_of_record
TN:
SF:/Users/ibelaev/AlfaCode/ARUI_FEATHER/arui-feather/src/icon/banking/account-add/account-add.tsx
FN:10,(anonymous_9)
FN:11,(anonymous_11)
FN:21,(anonymous_12)
FNF:3
FNH:2
FNDA:1,(anonymous_9)
FNDA:0,(anonymous_11)
FNDA:1,(anonymous_12)
DA:5,1
DA:6,1
DA:7,1
DA:10,1
DA:11,1
DA:12,0
DA:19,1
DA:21,1
DA:22,1
DA:23,1
LF:10
LH:9
BRF:0
BRH:0
end_of_record
TN:
SF:/Users/ibelaev/AlfaCode/ARUI_FEATHER/arui-feather/src/icon/banking/account-default/account-default.tsx
FN:10,(anonymous_9)
FN:11,(anonymous_11)
FN:21,(anonymous_12)
FNF:3
FNH:2
FNDA:1,(anonymous_9)
FNDA:0,(anonymous_11)
FNDA:1,(anonymous_12)
DA:5,1
DA:6,1
DA:7,1
DA:10,1
DA:11,1
DA:12,0
DA:19,1
DA:21,1
DA:22,1
DA:23,1
LF:10
LH:9
BRF:0
BRH:0
end_of_record
TN:
SF:/Users/ibelaev/AlfaCode/ARUI_FEATHER/arui-feather/src/icon/banking/account-shared/account-shared.tsx
FN:10,(anonymous_9)
FN:11,(anonymous_11)
FN:21,(anonymous_12)
FNF:3
FNH:2
FNDA:1,(anonymous_9)
FNDA:0,(anonymous_11)
FNDA:1,(anonymous_12)
DA:5,1
DA:6,1
DA:7,1
DA:10,1
DA:11,1
DA:12,0
DA:19,1
DA:21,1
DA:22,1
DA:23,1
LF:10
LH:9
BRF:0
BRH:0
end_of_record
TN:
SF:/Users/ibelaev/AlfaCode/ARUI_FEATHER/arui-feather/src/icon/banking/attention-bold/attention-bold.tsx
FN:10,(anonymous_9)
FN:11,(anonymous_11)
FN:21,(anonymous_12)
FNF:3
FNH:2
FNDA:1,(anonymous_9)
FNDA:0,(anonymous_11)
FNDA:1,(anonymous_12)
DA:5,1
DA:6,1
DA:7,1
DA:10,1
DA:11,1
DA:12,0
DA:19,1
DA:21,1
DA:22,1
DA:23,1
LF:10
LH:9
BRF:0
BRH:0
end_of_record
TN:
SF:/Users/ibelaev/AlfaCode/ARUI_FEATHER/arui-feather/src/icon/banking/balance-transfer/balance-transfer.tsx
FN:10,(anonymous_9)
FN:11,(anonymous_11)
FN:21,(anonymous_12)
FNF:3
FNH:2
FNDA:1,(anonymous_9)
FNDA:0,(anonymous_11)
FNDA:1,(anonymous_12)
DA:5,1
DA:6,1
DA:7,1
DA:10,1
DA:11,1
DA:12,0
DA:19,1
DA:21,1
DA:22,1
DA:23,1
LF:10
LH:9
BRF:0
BRH:0
end_of_record
TN:
SF:/Users/ibelaev/AlfaCode/ARUI_FEATHER/arui-feather/src/icon/banking/card/card.tsx
FN:10,(anonymous_9)
FN:11,(anonymous_11)
FN:21,(anonymous_12)
FNF:3
FNH:2
FNDA:1,(anonymous_9)
FNDA:0,(anonymous_11)
FNDA:1,(anonymous_12)
DA:5,1
DA:6,1
DA:7,1
DA:10,1
DA:11,1
DA:12,0
DA:19,1
DA:21,1
DA:22,1
DA:23,1
LF:10
LH:9
BRF:0
BRH:0
end_of_record
TN:
SF:/Users/ibelaev/AlfaCode/ARUI_FEATHER/arui-feather/src/icon/banking/card-accounts-list/card-accounts-list.tsx
FN:10,(anonymous_9)
FN:11,(anonymous_11)
FN:21,(anonymous_12)
FNF:3
FNH:2
FNDA:1,(anonymous_9)
FNDA:0,(anonymous_11)
FNDA:1,(anonymous_12)
DA:5,1
DA:6,1
DA:7,1
DA:10,1
DA:11,1
DA:12,0
DA:19,1
DA:21,1
DA:22,1
DA:23,1
LF:10
LH:9
BRF:0
BRH:0
end_of_record
TN:
SF:/Users/ibelaev/AlfaCode/ARUI_FEATHER/arui-feather/src/icon/banking/card-activate/card-activate.tsx
FN:10,(anonymous_9)
FN:11,(anonymous_11)
FN:21,(anonymous_12)
FNF:3
FNH:2
FNDA:1,(anonymous_9)
FNDA:0,(anonymous_11)
FNDA:1,(anonymous_12)
DA:5,1
DA:6,1
DA:7,1
DA:10,1
DA:11,1
DA:12,0
DA:19,1
DA:21,1
DA:22,1
DA:23,1
LF:10
LH:9
BRF:0
BRH:0
end_of_record
TN:
SF:/Users/ibelaev/AlfaCode/ARUI_FEATHER/arui-feather/src/icon/banking/card-activation/card-activation.tsx
FN:10,(anonymous_9)
FN:11,(anonymous_11)
FN:21,(anonymous_12)
FNF:3
FNH:2
FNDA:1,(anonymous_9)
FNDA:0,(anonymous_11)
FNDA:1,(anonymous_12)
DA:5,1
DA:6,1
DA:7,1
DA:10,1
DA:11,1
DA:12,0
DA:19,1
DA:21,1
DA:22,1
DA:23,1
LF:10
LH:9
BRF:0
BRH:0
end_of_record
TN:
SF:/Users/ibelaev/AlfaCode/ARUI_FEATHER/arui-feather/src/icon/banking/card-add/card-add.tsx
FN:10,(anonymous_9)
FN:11,(anonymous_11)
FN:21,(anonymous_12)
FNF:3
FNH:2
FNDA:1,(anonymous_9)
FNDA:0,(anonymous_11)
FNDA:1,(anonymous_12)
DA:5,1
DA:6,1
DA:7,1
DA:10,1
DA:11,1
DA:12,0
DA:19,1
DA:21,1
DA:22,1
DA:23,1
LF:10
LH:9
BRF:0
BRH:0
end_of_record
TN:
SF:/Users/ibelaev/AlfaCode/ARUI_FEATHER/arui-feather/src/icon/banking/card-close/card-close.tsx
FN:10,(anonymous_9)
FN:11,(anonymous_11)
FN:21,(anonymous_12)
FNF:3
FNH:2
FNDA:1,(anonymous_9)
FNDA:0,(anonymous_11)
FNDA:1,(anonymous_12)
DA:5,1
DA:6,1
DA:7,1
DA:10,1
DA:11,1
DA:12,0
DA:19,1
DA:21,1
DA:22,1
DA:23,1
LF:10
LH:9
BRF:0
BRH:0
end_of_record
TN:
SF:/Users/ibelaev/AlfaCode/ARUI_FEATHER/arui-feather/src/icon/banking/card-expences/card-expences.tsx
FN:10,(anonymous_9)
FN:11,(anonymous_11)
FN:21,(anonymous_12)
FNF:3
FNH:2
FNDA:1,(anonymous_9)
FNDA:0,(anonymous_11)
FNDA:1,(anonymous_12)
DA:5,1
DA:6,1
DA:7,1
DA:10,1
DA:11,1
DA:12,0
DA:19,1
DA:21,1
DA:22,1
DA:23,1
LF:10
LH:9
BRF:0
BRH:0
end_of_record
TN:
SF:/Users/ibelaev/AlfaCode/ARUI_FEATHER/arui-feather/src/icon/banking/card-list/card-list.tsx
FN:10,(anonymous_9)
FN:11,(anonymous_11)
FN:21,(anonymous_12)
FNF:3
FNH:2
FNDA:1,(anonymous_9)
FNDA:0,(anonymous_11)
FNDA:1,(anonymous_12)
DA:5,1
DA:6,1
DA:7,1
DA:10,1
DA:11,1
DA:12,0
DA:19,1
DA:21,1
DA:22,1
DA:23,1
LF:10
LH:9
BRF:0
BRH:0
end_of_record
TN:
SF:/Users/ibelaev/AlfaCode/ARUI_FEATHER/arui-feather/src/icon/banking/card-to-card/card-to-card.tsx
FN:10,(anonymous_9)
FN:11,(anonymous_11)
FN:21,(anonymous_12)
FNF:3
FNH:2
FNDA:1,(anonymous_9)
FNDA:0,(anonymous_11)
FNDA:1,(anonymous_12)
DA:5,1
DA:6,1
DA:7,1
DA:10,1
DA:11,1
DA:12,0
DA:19,1
DA:21,1
DA:22,1
DA:23,1
LF:10
LH:9
BRF:0
BRH:0
end_of_record
TN:
SF:/Users/ibelaev/AlfaCode/ARUI_FEATHER/arui-feather/src/icon/banking/card-unknown/card-unknown.tsx
FN:10,(anonymous_9)
FN:11,(anonymous_11)
FN:21,(anonymous_12)
FNF:3
FNH:2
FNDA:1,(anonymous_9)
FNDA:0,(anonymous_11)
FNDA:1,(anonymous_12)
DA:5,1
DA:6,1
DA:7,1
DA:10,1
DA:11,1
DA:12,0
DA:19,1
DA:21,1
DA:22,1
DA:23,1
LF:10
LH:9
BRF:0
BRH:0
end_of_record
TN:
SF:/Users/ibelaev/AlfaCode/ARUI_FEATHER/arui-feather/src/icon/banking/cash/cash.tsx
FN:10,(anonymous_9)
FN:11,(anonymous_11)
FN:21,(anonymous_12)
FNF:3
FNH:2
FNDA:1,(anonymous_9)
FNDA:0,(anonymous_11)
FNDA:1,(anonymous_12)
DA:5,1
DA:6,1
DA:7,1
DA:10,1
DA:11,1
DA:12,0
DA:19,1
DA:21,1
DA:22,1
DA:23,1
LF:10
LH:9
BRF:0
BRH:0
end_of_record
TN:
SF:/Users/ibelaev/AlfaCode/ARUI_FEATHER/arui-feather/src/icon/banking/convert/convert.tsx
FN:10,(anonymous_9)
FN:11,(anonymous_11)
FN:21,(anonymous_12)
FNF:3
FNH:2
FNDA:1,(anonymous_9)
FNDA:0,(anonymous_11)
FNDA:1,(anonymous_12)
DA:5,1
DA:6,1
DA:7,1
DA:10,1
DA:11,1
DA:12,0
DA:19,1
DA:21,1
DA:22,1
DA:23,1
LF:10
LH:9
BRF:0
BRH:0
end_of_record
TN:
SF:/Users/ibelaev/AlfaCode/ARUI_FEATHER/arui-feather/src/icon/banking/costs/costs.tsx
FN:10,(anonymous_9)
FN:11,(anonymous_11)
FN:21,(anonymous_12)
FNF:3
FNH:2
FNDA:1,(anonymous_9)
FNDA:0,(anonymous_11)
FNDA:1,(anonymous_12)
DA:5,1
DA:6,1
DA:7,1
DA:10,1
DA:11,1
DA:12,0
DA:19,1
DA:21,1
DA:22,1
DA:23,1
LF:10
LH:9
BRF:0
BRH:0
end_of_record
TN:
SF:/Users/ibelaev/AlfaCode/ARUI_FEATHER/arui-feather/src/icon/banking/costs-card/costs-card.tsx
FN:10,(anonymous_9)
FN:11,(anonymous_11)
FN:21,(anonymous_12)
FNF:3
FNH:2
FNDA:1,(anonymous_9)
FNDA:0,(anonymous_11)
FNDA:1,(anonymous_12)
DA:5,1
DA:6,1
DA:7,1
DA:10,1
DA:11,1
DA:12,0
DA:19,1
DA:21,1
DA:22,1
DA:23,1
LF:10
LH:9
BRF:0
BRH:0
end_of_record
TN:
SF:/Users/ibelaev/AlfaCode/ARUI_FEATHER/arui-feather/src/icon/banking/credit/credit.tsx
FN:10,(anonymous_9)
FN:11,(anonymous_11)
FN:21,(anonymous_12)
FNF:3
FNH:2
FNDA:1,(anonymous_9)
FNDA:0,(anonymous_11)
FNDA:1,(anonymous_12)
DA:5,1
DA:6,1
DA:7,1
DA:10,1
DA:11,1
DA:12,0
DA:19,1
DA:21,1
DA:22,1
DA:23,1
LF:10
LH:9
BRF:0
BRH:0
end_of_record
TN:
SF:/Users/ibelaev/AlfaCode/ARUI_FEATHER/arui-feather/src/icon/banking/credit-card/credit-card.tsx
FN:10,(anonymous_9)
FN:11,(anonymous_11)
FN:21,(anonymous_12)
FNF:3
FNH:2
FNDA:1,(anonymous_9)
FNDA:0,(anonymous_11)
FNDA:1,(anonymous_12)
DA:5,1
DA:6,1
DA:7,1
DA:10,1
DA:11,1
DA:12,0
DA:19,1
DA:21,1
DA:22,1
DA:23,1
LF:10
LH:9
BRF:0
BRH:0
end_of_record
TN:
SF:/Users/ibelaev/AlfaCode/ARUI_FEATHER/arui-feather/src/icon/banking/crown/crown.tsx
FN:10,(anonymous_9)
FN:11,(anonymous_11)
FN:21,(anonymous_12)
FNF:3
FNH:2
FNDA:1,(anonymous_9)
FNDA:0,(anonymous_11)
FNDA:1,(anonymous_12)
DA:5,1
DA:6,1
DA:7,1
DA:10,1
DA:11,1
DA:12,0
DA:19,1
DA:21,1
DA:22,1
DA:23,1
LF:10
LH:9
BRF:0
BRH:0
end_of_record
TN:
SF:/Users/ibelaev/AlfaCode/ARUI_FEATHER/arui-feather/src/icon/banking/crown-premium/crown-premium.tsx
FN:10,(anonymous_9)
FN:11,(anonymous_11)
FN:21,(anonymous_12)
FNF:3
FNH:2
FNDA:1,(anonymous_9)
FNDA:0,(anonymous_11)
FNDA:1,(anonymous_12)
DA:5,1
DA:6,1
DA:7,1
DA:10,1
DA:11,1
DA:12,0
DA:19,1
DA:21,1
DA:22,1
DA:23,1
LF:10
LH:9
BRF:0
BRH:0
end_of_record
TN:
SF:/Users/ibelaev/AlfaCode/ARUI_FEATHER/arui-feather/src/icon/banking/cvv/cvv.tsx
FN:10,(anonymous_9)
FN:11,(anonymous_11)
FN:21,(anonymous_12)
FNF:3
FNH:2
FNDA:1,(anonymous_9)
FNDA:0,(anonymous_11)
FNDA:1,(anonymous_12)
DA:5,1
DA:6,1
DA:7,1
DA:10,1
DA:11,1
DA:12,0
DA:19,1
DA:21,1
DA:22,1
DA:23,1
LF:10
LH:9
BRF:0
BRH:0
end_of_record
TN:
SF:/Users/ibelaev/AlfaCode/ARUI_FEATHER/arui-feather/src/icon/banking/deposit/deposit.tsx
FN:10,(anonymous_9)
FN:11,(anonymous_11)
FN:21,(anonymous_12)
FNF:3
FNH:2
FNDA:1,(anonymous_9)
FNDA:0,(anonymous_11)
FNDA:1,(anonymous_12)
DA:5,1
DA:6,1
DA:7,1
DA:10,1
DA:11,1
DA:12,0
DA:19,1
DA:21,1
DA:22,1
DA:23,1
LF:10
LH:9
BRF:0
BRH:0
end_of_record
TN:
SF:/Users/ibelaev/AlfaCode/ARUI_FEATHER/arui-feather/src/icon/banking/expences/expences.tsx
FN:10,(anonymous_9)
FN:11,(anonymous_11)
FN:21,(anonymous_12)
FNF:3
FNH:2
FNDA:1,(anonymous_9)
FNDA:0,(anonymous_11)
FNDA:1,(anonymous_12)
DA:5,1
DA:6,1
DA:7,1
DA:10,1
DA:11,1
DA:12,0
DA:19,1
DA:21,1
DA:22,1
DA:23,1
LF:10
LH:9
BRF:0
BRH:0
end_of_record
TN:
SF:/Users/ibelaev/AlfaCode/ARUI_FEATHER/arui-feather/src/icon/banking/expences-planner/expences-planner.tsx
FN:10,(anonymous_9)
FN:11,(anonymous_11)
FN:21,(anonymous_12)
FNF:3
FNH:2
FNDA:1,(anonymous_9)
FNDA:0,(anonymous_11)
FNDA:1,(anonymous_12)
DA:5,1
DA:6,1
DA:7,1
DA:10,1
DA:11,1
DA:12,0
DA:19,1
DA:21,1
DA:22,1
DA:23,1
LF:10
LH:9
BRF:0
BRH:0
end_of_record
TN:
SF:/Users/ibelaev/AlfaCode/ARUI_FEATHER/arui-feather/src/icon/banking/goals/goals.tsx
FN:10,(anonymous_9)
FN:11,(anonymous_11)
FN:21,(anonymous_12)
FNF:3
FNH:2
FNDA:1,(anonymous_9)
FNDA:0,(anonymous_11)
FNDA:1,(anonymous_12)
DA:5,1
DA:6,1
DA:7,1
DA:10,1
DA:11,1
DA:12,0
DA:19,1
DA:21,1
DA:22,1
DA:23,1
LF:10
LH:9
BRF:0
BRH:0
end_of_record
TN:
SF:/Users/ibelaev/AlfaCode/ARUI_FEATHER/arui-feather/src/icon/banking/income/income.tsx
FN:10,(anonymous_9)
FN:11,(anonymous_11)
FN:21,(anonymous_12)
FNF:3
FNH:2
FNDA:1,(anonymous_9)
FNDA:0,(anonymous_11)
FNDA:1,(anonymous_12)
DA:5,1
DA:6,1
DA:7,1
DA:10,1
DA:11,1
DA:12,0
DA:19,1
DA:21,1
DA:22,1
DA:23,1
LF:10
LH:9
BRF:0
BRH:0
end_of_record
TN:
SF:/Users/ibelaev/AlfaCode/ARUI_FEATHER/arui-feather/src/icon/banking/insurance/insurance.tsx
FN:10,(anonymous_9)
FN:11,(anonymous_11)
FN:21,(anonymous_12)
FNF:3
FNH:2
FNDA:1,(anonymous_9)
FNDA:0,(anonymous_11)
FNDA:1,(anonymous_12)
DA:5,1
DA:6,1
DA:7,1
DA:10,1
DA:11,1
DA:12,0
DA:19,1
DA:21,1
DA:22,1
DA:23,1
LF:10
LH:9
BRF:0
BRH:0
end_of_record
TN:
SF:/Users/ibelaev/AlfaCode/ARUI_FEATHER/arui-feather/src/icon/banking/investments/investments.tsx
FN:10,(anonymous_9)
FN:11,(anonymous_11)
FN:21,(anonymous_12)
FNF:3
FNH:2
FNDA:1,(anonymous_9)
FNDA:0,(anonymous_11)
FNDA:1,(anonymous_12)
DA:5,1
DA:6,1
DA:7,1
DA:10,1
DA:11,1
DA:12,0
DA:19,1
DA:21,1
DA:22,1
DA:23,1
LF:10
LH:9
BRF:0
BRH:0
end_of_record
TN:
SF:/Users/ibelaev/AlfaCode/ARUI_FEATHER/arui-feather/src/icon/banking/invoice-for-payment/invoice-for-payment.tsx
FN:10,(anonymous_9)
FN:11,(anonymous_11)
FN:21,(anonymous_12)
FNF:3
FNH:2
FNDA:1,(anonymous_9)
FNDA:0,(anonymous_11)
FNDA:1,(anonymous_12)
DA:5,1
DA:6,1
DA:7,1
DA:10,1
DA:11,1
DA:12,0
DA:19,1
DA:21,1
DA:22,1
DA:23,1
LF:10
LH:9
BRF:0
BRH:0
end_of_record
TN:
SF:/Users/ibelaev/AlfaCode/ARUI_FEATHER/arui-feather/src/icon/banking/limits/limits.tsx
FN:10,(anonymous_9)
FN:11,(anonymous_11)
FN:21,(anonymous_12)
FNF:3
FNH:2
FNDA:1,(anonymous_9)
FNDA:0,(anonymous_11)
FNDA:1,(anonymous_12)
DA:5,1
DA:6,1
DA:7,1
DA:10,1
DA:11,1
DA:12,0
DA:19,1
DA:21,1
DA:22,1
DA:23,1
LF:10
LH:9
BRF:0
BRH:0
end_of_record
TN:
SF:/Users/ibelaev/AlfaCode/ARUI_FEATHER/arui-feather/src/icon/banking/marketplace/marketplace.tsx
FN:10,(anonymous_9)
FN:11,(anonymous_11)
FN:21,(anonymous_12)
FNF:3
FNH:2
FNDA:1,(anonymous_9)
FNDA:0,(anonymous_11)
FNDA:1,(anonymous_12)
DA:5,1
DA:6,1
DA:7,1
DA:10,1
DA:11,1
DA:12,0
DA:19,1
DA:21,1
DA:22,1
DA:23,1
LF:10
LH:9
BRF:0
BRH:0
end_of_record
TN:
SF:/Users/ibelaev/AlfaCode/ARUI_FEATHER/arui-feather/src/icon/banking/offer/offer.tsx
FN:10,(anonymous_9)
FN:11,(anonymous_11)
FN:21,(anonymous_12)
FNF:3
FNH:2
FNDA:1,(anonymous_9)
FNDA:0,(anonymous_11)
FNDA:1,(anonymous_12)
DA:5,1
DA:6,1
DA:7,1
DA:10,1
DA:11,1
DA:12,0
DA:19,1
DA:21,1
DA:22,1
DA:23,1
LF:10
LH:9
BRF:0
BRH:0
end_of_record
TN:
SF:/Users/ibelaev/AlfaCode/ARUI_FEATHER/arui-feather/src/icon/banking/offer-fill/offer-fill.tsx
FN:10,(anonymous_9)
FN:11,(anonymous_11)
FN:21,(anonymous_12)
FNF:3
FNH:2
FNDA:1,(anonymous_9)
FNDA:0,(anonymous_11)
FNDA:1,(anonymous_12)
DA:5,1
DA:6,1
DA:7,1
DA:10,1
DA:11,1
DA:12,0
DA:19,1
DA:21,1
DA:22,1
DA:23,1
LF:10
LH:9
BRF:0
BRH:0
end_of_record
TN:
SF:/Users/ibelaev/AlfaCode/ARUI_FEATHER/arui-feather/src/icon/banking/outcome/outcome.tsx
FN:10,(anonymous_9)
FN:11,(anonymous_11)
FN:21,(anonymous_12)
FNF:3
FNH:2
FNDA:1,(anonymous_9)
FNDA:0,(anonymous_11)
FNDA:1,(anonymous_12)
DA:5,1
DA:6,1
DA:7,1
DA:10,1
DA:11,1
DA:12,0
DA:19,1
DA:21,1
DA:22,1
DA:23,1
LF:10
LH:9
BRF:0
BRH:0
end_of_record
TN:
SF:/Users/ibelaev/AlfaCode/ARUI_FEATHER/arui-feather/src/icon/banking/overdraft/overdraft.tsx
FN:10,(anonymous_9)
FN:11,(anonymous_11)
FN:21,(anonymous_12)
FNF:3
FNH:2
FNDA:1,(anonymous_9)
FNDA:0,(anonymous_11)
FNDA:1,(anonymous_12)
DA:5,1
DA:6,1
DA:7,1
DA:10,1
DA:11,1
DA:12,0
DA:19,1
DA:21,1
DA:22,1
DA:23,1
LF:10
LH:9
BRF:0
BRH:0
end_of_record
TN:
SF:/Users/ibelaev/AlfaCode/ARUI_FEATHER/arui-feather/src/icon/banking/pay-back/pay-back.tsx
FN:10,(anonymous_9)
FN:11,(anonymous_11)
FN:21,(anonymous_12)
FNF:3
FNH:2
FNDA:1,(anonymous_9)
FNDA:0,(anonymous_11)
FNDA:1,(anonymous_12)
DA:5,1
DA:6,1
DA:7,1
DA:10,1
DA:11,1
DA:12,0
DA:19,1
DA:21,1
DA:22,1
DA:23,1
LF:10
LH:9
BRF:0
BRH:0
end_of_record
TN:
SF:/Users/ibelaev/AlfaCode/ARUI_FEATHER/arui-feather/src/icon/banking/payment-by-photo/payment-by-photo.tsx
FN:10,(anonymous_9)
FN:11,(anonymous_11)
FN:21,(anonymous_12)
FNF:3
FNH:2
FNDA:1,(anonymous_9)
FNDA:0,(anonymous_11)
FNDA:1,(anonymous_12)
DA:5,1
DA:6,1
DA:7,1
DA:10,1
DA:11,1
DA:12,0
DA:19,1
DA:21,1
DA:22,1
DA:23,1
LF:10
LH:9
BRF:0
BRH:0
end_of_record
TN:
SF:/Users/ibelaev/AlfaCode/ARUI_FEATHER/arui-feather/src/icon/banking/payment-error/payment-error.tsx
FN:10,(anonymous_9)
FN:11,(anonymous_11)
FN:21,(anonymous_12)
FNF:3
FNH:2
FNDA:1,(anonymous_9)
FNDA:0,(anonymous_11)
FNDA:1,(anonymous_12)
DA:5,1
DA:6,1
DA:7,1
DA:10,1
DA:11,1
DA:12,0
DA:19,1
DA:21,1
DA:22,1
DA:23,1
LF:10
LH:9
BRF:0
BRH:0
end_of_record
TN:
SF:/Users/ibelaev/AlfaCode/ARUI_FEATHER/arui-feather/src/icon/banking/payment-outbox/payment-outbox.tsx
FN:10,(anonymous_9)
FN:11,(anonymous_11)
FN:21,(anonymous_12)
FNF:3
FNH:2
FNDA:1,(anonymous_9)
FNDA:0,(anonymous_11)
FNDA:1,(anonymous_12)
DA:5,1
DA:6,1
DA:7,1
DA:10,1
DA:11,1
DA:12,0
DA:19,1
DA:21,1
DA:22,1
DA:23,1
LF:10
LH:9
BRF:0
BRH:0
end_of_record
TN:
SF:/Users/ibelaev/AlfaCode/ARUI_FEATHER/arui-feather/src/icon/banking/payment-plus/payment-plus.tsx
FN:10,(anonymous_9)
FN:11,(anonymous_11)
FN:21,(anonymous_12)
FNF:3
FNH:2
FNDA:1,(anonymous_9)
FNDA:0,(anonymous_11)
FNDA:1,(anonymous_12)
DA:5,1
DA:6,1
DA:7,1
DA:10,1
DA:11,1
DA:12,0
DA:19,1
DA:21,1
DA:22,1
DA:23,1
LF:10
LH:9
BRF:0
BRH:0
end_of_record
TN:
SF:/Users/ibelaev/AlfaCode/ARUI_FEATHER/arui-feather/src/icon/banking/payment-rounded-plus/payment-rounded-plus.tsx
FN:10,(anonymous_9)
FN:11,(anonymous_11)
FN:21,(anonymous_12)
FNF:3
FNH:2
FNDA:1,(anonymous_9)
FNDA:0,(anonymous_11)
FNDA:1,(anonymous_12)
DA:5,1
DA:6,1
DA:7,1
DA:10,1
DA:11,1
DA:12,0
DA:19,1
DA:21,1
DA:22,1
DA:23,1
LF:10
LH:9
BRF:0
BRH:0
end_of_record
TN:
SF:/Users/ibelaev/AlfaCode/ARUI_FEATHER/arui-feather/src/icon/banking/payment-rounded-plus-big/payment-rounded-plus-big.tsx
FN:10,(anonymous_9)
FN:11,(anonymous_11)
FN:21,(anonymous_12)
FNF:3
FNH:2
FNDA:1,(anonymous_9)
FNDA:0,(anonymous_11)
FNDA:1,(anonymous_12)
DA:5,1
DA:6,1
DA:7,1
DA:10,1
DA:11,1
DA:12,0
DA:19,1
DA:21,1
DA:22,1
DA:23,1
LF:10
LH:9
BRF:0
BRH:0
end_of_record
TN:
SF:/Users/ibelaev/AlfaCode/ARUI_FEATHER/arui-feather/src/icon/banking/payment-to-company/payment-to-company.tsx
FN:10,(anonymous_9)
FN:11,(anonymous_11)
FN:21,(anonymous_12)
FNF:3
FNH:2
FNDA:1,(anonymous_9)
FNDA:0,(anonymous_11)
FNDA:1,(anonymous_12)
DA:5,1
DA:6,1
DA:7,1
DA:10,1
DA:11,1
DA:12,0
DA:19,1
DA:21,1
DA:22,1
DA:23,1
LF:10
LH:9
BRF:0
BRH:0
end_of_record
TN:
SF:/Users/ibelaev/AlfaCode/ARUI_FEATHER/arui-feather/src/icon/banking/payment-to-person/payment-to-person.tsx
FN:10,(anonymous_9)
FN:11,(anonymous_11)
FN:21,(anonymous_12)
FNF:3
FNH:2
FNDA:1,(anonymous_9)
FNDA:0,(anonymous_11)
FNDA:1,(anonymous_12)
DA:5,1
DA:6,1
DA:7,1
DA:10,1
DA:11,1
DA:12,0
DA:19,1
DA:21,1
DA:22,1
DA:23,1
LF:10
LH:9
BRF:0
BRH:0
end_of_record
TN:
SF:/Users/ibelaev/AlfaCode/ARUI_FEATHER/arui-feather/src/icon/banking/payment-to-self/payment-to-self.tsx
FN:10,(anonymous_9)
FN:11,(anonymous_11)
FN:21,(anonymous_12)
FNF:3
FNH:2
FNDA:1,(anonymous_9)
FNDA:0,(anonymous_11)
FNDA:1,(anonymous_12)
DA:5,1
DA:6,1
DA:7,1
DA:10,1
DA:11,1
DA:12,0
DA:19,1
DA:21,1
DA:22,1
DA:23,1
LF:10
LH:9
BRF:0
BRH:0
end_of_record
TN:
SF:/Users/ibelaev/AlfaCode/ARUI_FEATHER/arui-feather/src/icon/banking/payment-to-state/payment-to-state.tsx
FN:10,(anonymous_9)
FN:11,(anonymous_11)
FN:21,(anonymous_12)
FNF:3
FNH:2
FNDA:1,(anonymous_9)
FNDA:0,(anonymous_11)
FNDA:1,(anonymous_12)
DA:5,1
DA:6,1
DA:7,1
DA:10,1
DA:11,1
DA:12,0
DA:19,1
DA:21,1
DA:22,1
DA:23,1
LF:10
LH:9
BRF:0
BRH:0
end_of_record
TN:
SF:/Users/ibelaev/AlfaCode/ARUI_FEATHER/arui-feather/src/icon/banking/percent/percent.tsx
FN:10,(anonymous_9)
FN:11,(anonymous_11)
FN:21,(anonymous_12)
FNF:3
FNH:2
FNDA:1,(anonymous_9)
FNDA:0,(anonymous_11)
FNDA:1,(anonymous_12)
DA:5,1
DA:6,1
DA:7,1
DA:10,1
DA:11,1
DA:12,0
DA:19,1
DA:21,1
DA:22,1
DA:23,1
LF:10
LH:9
BRF:0
BRH:0
end_of_record
TN:
SF:/Users/ibelaev/AlfaCode/ARUI_FEATHER/arui-feather/src/icon/banking/plan-expenses/plan-expenses.tsx
FN:10,(anonymous_9)
FN:11,(anonymous_11)
FN:21,(anonymous_12)
FNF:3
FNH:2
FNDA:1,(anonymous_9)
FNDA:0,(anonymous_11)
FNDA:1,(anonymous_12)
DA:5,1
DA:6,1
DA:7,1
DA:10,1
DA:11,1
DA:12,0
DA:19,1
DA:21,1
DA:22,1
DA:23,1
LF:10
[...]
FNH:6
FNDA:184,(anonymous_7)
FNDA:1,(anonymous_9)
FNDA:173,(anonymous_10)
FNDA:54,(anonymous_11)
FNDA:445,(anonymous_12)
FNDA:771,(anonymous_13)
DA:5,11
DA:23,173
DA:26,11
DA:27,173
DA:28,135
DA:32,11
DA:33,54
DA:34,40
DA:38,445
DA:39,445
DA:51,445
DA:54,771
DA:63,173
DA:64,1
DA:65,1
DA:68,11
DA:70,11
LF:17
LH:17
BRDA:23,0,0,173
BRDA:23,0,1,173
BRDA:23,0,2,173
BRDA:64,1,0,1
BRDA:64,1,1,0
BRDA:27,2,0,135
BRDA:27,2,1,38
BRDA:33,3,0,40
BRDA:33,3,1,14
BRF:9
BRH:8
end_of_record
TN:
SF:/Users/ibelaev/AlfaCode/ARUI_FEATHER/arui-feather/src/select/select.tsx
FN:32,(anonymous_10)
FN:321,(anonymous_12)
FN:684,(anonymous_14)
FN:695,(anonymous_15)
FN:707,(anonymous_16)
FN:713,(anonymous_17)
FN:719,(anonymous_18)
FN:732,(anonymous_19)
FN:752,(anonymous_20)
FN:759,(anonymous_21)
FN:762,(anonymous_22)
FN:778,(anonymous_23)
FN:779,getFlattenedPropOptions
FN:782,(anonymous_25)
FN:797,(anonymous_26)
FN:800,(anonymous_27)
FN:819,(anonymous_28)
FN:829,(anonymous_29)
FN:858,(anonymous_30)
FN:868,(anonymous_31)
FN:878,(anonymous_32)
FN:884,(anonymous_33)
FN:889,(anonymous_34)
FN:896,(anonymous_35)
FN:902,(anonymous_36)
FN:917,(anonymous_37)
FN:924,(anonymous_38)
FN:1037,(anonymous_39)
FN:1048,(anonymous_40)
FN:372,(anonymous_41)
FN:374,(anonymous_42)
FN:378,(anonymous_43)
FN:388,(anonymous_44)
FN:397,(anonymous_45)
FN:401,(anonymous_46)
FN:407,(anonymous_47)
FN:426,(anonymous_48)
FN:455,(anonymous_49)
FN:484,(anonymous_50)
FN:508,(anonymous_51)
FN:520,(anonymous_52)
FN:553,(anonymous_53)
FN:603,(anonymous_54)
FN:604,(anonymous_55)
FN:625,(anonymous_56)
FN:628,(anonymous_57)
FN:649,(anonymous_58)
FN:656,(anonymous_59)
FN:673,(anonymous_60)
FN:931,(anonymous_61)
FN:938,(anonymous_62)
FN:948,(anonymous_63)
FN:959,(anonymous_64)
FN:968,(anonymous_65)
FN:977,(anonymous_66)
FN:999,(anonymous_67)
FN:1022,(anonymous_68)
FN:1029,(anonymous_69)
FN:1054,(anonymous_70)
FN:1058,(anonymous_71)
FN:1071,(anonymous_72)
FN:1075,(anonymous_73)
FN:1079,(anonymous_74)
FN:1083,(anonymous_75)
FN:1087,(anonymous_76)
FN:1093,(anonymous_77)
FN:1100,(anonymous_78)
FN:1106,(anonymous_79)
FN:1117,(anonymous_80)
FNF:69
FNH:57
FNDA:64,(anonymous_10)
FNDA:64,(anonymous_12)
FNDA:7,(anonymous_14)
FNDA:0,(anonymous_15)
FNDA:2,(anonymous_16)
FNDA:2,(anonymous_17)
FNDA:15,(anonymous_18)
FNDA:6,(anonymous_19)
FNDA:0,(anonymous_20)
FNDA:4,(anonymous_21)
FNDA:4,(anonymous_22)
FNDA:0,(anonymous_23)
FNDA:0,getFlattenedPropOptions
FNDA:0,(anonymous_25)
FNDA:0,(anonymous_26)
FNDA:0,(anonymous_27)
FNDA:1,(anonymous_28)
FNDA:2,(anonymous_29)
FNDA:1,(anonymous_30)
FNDA:1,(anonymous_31)
FNDA:0,(anonymous_32)
FNDA:62,(anonymous_33)
FNDA:62,(anonymous_34)
FNDA:0,(anonymous_35)
FNDA:102,(anonymous_36)
FNDA:3,(anonymous_37)
FNDA:94,(anonymous_38)
FNDA:160,(anonymous_39)
FNDA:141,(anonymous_40)
FNDA:62,(anonymous_41)
FNDA:143,(anonymous_42)
FNDA:62,(anonymous_43)
FNDA:17,(anonymous_44)
FNDA:729,(anonymous_45)
FNDA:104,(anonymous_46)
FNDA:166,(anonymous_47)
FNDA:318,(anonymous_48)
FNDA:166,(anonymous_49)
FNDA:318,(anonymous_50)
FNDA:164,(anonymous_51)
FNDA:20,(anonymous_52)
FNDA:160,(anonymous_53)
FNDA:160,(anonymous_54)
FNDA:2020,(anonymous_55)
FNDA:164,(anonymous_56)
FNDA:2032,(anonymous_57)
FNDA:166,(anonymous_58)
FNDA:40,(anonymous_59)
FNDA:1,(anonymous_60)
FNDA:0,(anonymous_61)
FNDA:2,(anonymous_62)
FNDA:2,(anonymous_63)
FNDA:0,(anonymous_64)
FNDA:1,(anonymous_65)
FNDA:14,(anonymous_66)
FNDA:0,(anonymous_67)
FNDA:9,(anonymous_68)
FNDA:9,(anonymous_69)
FNDA:168,(anonymous_70)
FNDA:2044,(anonymous_71)
FNDA:843,(anonymous_72)
FNDA:6,(anonymous_73)
FNDA:685,(anonymous_74)
FNDA:9,(anonymous_75)
FNDA:62,(anonymous_76)
FNDA:2,(anonymous_77)
FNDA:1,(anonymous_78)
FNDA:1,(anonymous_79)
FNDA:2,(anonymous_80)
DA:5,2
DA:6,2
DA:8,2
DA:9,2
DA:11,2
DA:12,2
DA:13,2
DA:14,2
DA:15,2
DA:16,2
DA:17,2
DA:18,2
DA:19,2
DA:21,2
DA:22,2
DA:23,2
DA:24,2
DA:25,2
DA:27,2
DA:32,62
DA:33,62
DA:34,2
DA:36,2
DA:321,62
DA:322,62
DA:324,2
DA:340,2
DA:344,62
DA:369,62
DA:372,2
DA:373,62
DA:374,143
DA:378,2
DA:379,62
DA:380,1
DA:383,62
DA:384,62
DA:388,2
DA:389,17
DA:390,17
DA:392,17
DA:393,0
DA:396,17
DA:397,729
DA:401,2
DA:402,104
DA:403,19
DA:407,166
DA:408,166
DA:410,166
DA:427,318
DA:455,166
DA:458,166
DA:460,166
DA:462,22
DA:463,22
DA:465,144
DA:466,144
DA:469,166
DA:472,166
DA:473,166
DA:475,0
DA:476,0
DA:478,0
DA:479,0
DA:482,166
DA:485,318
DA:508,164
DA:509,164
DA:510,164
DA:511,164
DA:512,164
DA:514,164
DA:515,59
DA:518,164
DA:521,20
DA:553,2
DA:554,160
DA:555,160
DA:556,160
DA:557,160
DA:558,160
DA:560,160
DA:561,16
DA:564,144
DA:603,160
DA:604,160
DA:605,2020
DA:606,0
DA:608,0
DA:615,2020
DA:617,2020
DA:625,164
DA:626,164
DA:628,164
DA:629,2032
DA:630,0
DA:632,0
DA:634,0
DA:641,2032
DA:649,2
DA:650,166
DA:652,166
DA:653,53
DA:656,113
DA:658,113
DA:659,26
DA:666,87
DA:673,2
DA:674,1
DA:684,62
DA:685,7
DA:686,7
DA:689,7
DA:690,2
DA:695,62
DA:696,0
DA:697,0
DA:698,0
DA:702,0
DA:703,0
DA:707,62
DA:708,2
DA:709,2
DA:713,62
DA:714,2
DA:715,2
DA:719,62
DA:721,15
DA:723,15
DA:724,5
DA:727,15
DA:728,3
DA:732,62
DA:734,6
DA:736,6
DA:737,6
DA:738,6
DA:743,6
DA:744,3
DA:747,6
DA:748,3
DA:752,62
DA:753,0
DA:754,0
DA:755,0
DA:759,62
DA:760,4
DA:762,4
DA:766,4
DA:768,4
DA:769,0
DA:773,4
DA:774,4
DA:778,62
DA:780,0
DA:782,0
DA:783,0
DA:784,0
DA:786,0
DA:788,0
DA:792,0
DA:795,0
DA:796,0
DA:797,0
DA:799,0
DA:800,0
DA:801,0
DA:802,0
DA:805,0
DA:808,0
DA:809,0
DA:812,0
DA:814,0
DA:815,0
DA:819,62
DA:820,1
DA:824,1
DA:825,1
DA:829,62
DA:830,2
DA:832,2
DA:835,0
DA:836,0
DA:837,0
DA:840,0
DA:841,0
DA:844,0
DA:845,0
DA:847,2
DA:848,2
DA:849,2
DA:850,2
DA:853,2
DA:854,0
DA:858,62
DA:859,1
DA:860,1
DA:863,1
DA:864,1
DA:868,62
DA:869,1
DA:870,1
DA:873,1
DA:874,1
DA:878,62
DA:879,0
DA:880,0
DA:884,62
DA:885,62
DA:890,62
DA:891,62
DA:896,62
DA:897,0
DA:902,62
DA:903,102
DA:905,102
DA:906,58
DA:909,102
DA:910,6
DA:912,6
DA:916,6
DA:917,3
DA:918,3
DA:924,62
DA:925,94
DA:931,2
DA:932,0
DA:938,2
DA:939,2
DA:940,0
DA:942,2
DA:944,2
DA:949,2
DA:959,2
DA:960,0
DA:961,0
DA:968,2
DA:969,1
DA:971,1
DA:977,2
DA:978,14
DA:979,5
DA:982,9
DA:983,0
DA:986,9
DA:988,9
DA:989,9
DA:991,9
DA:992,9
DA:993,9
DA:999,2
DA:1000,0
DA:1001,0
DA:1002,0
DA:1004,0
DA:1005,0
DA:1006,0
DA:1011,0
DA:1012,0
DA:1022,9
DA:1023,9
DA:1025,9
DA:1030,9
DA:1031,9
DA:1037,62
DA:1038,160
DA:1039,160
DA:1041,160
DA:1042,3
DA:1045,160
DA:1048,62
DA:1049,141
DA:1050,123
DA:1054,168
DA:1055,168
DA:1056,168
DA:1058,168
DA:1059,2044
DA:1060,0
DA:1062,0
DA:1063,2044
DA:1064,48
DA:1068,168
DA:1071,2
DA:1072,843
DA:1075,2
DA:1076,6
DA:1079,2
DA:1080,685
DA:1083,2
DA:1084,9
DA:1087,2
DA:1088,62
DA:1090,62
DA:1093,2
DA:1094,2
DA:1095,2
DA:1097,2
DA:1100,2
DA:1101,1
DA:1103,1
DA:1106,2
DA:1107,1
DA:1109,1
DA:1110,0
DA:1113,1
DA:1115,2
DA:1117,2
DA:1118,2
DA:1119,2
LF:311
LH:245
BRDA:32,0,0,62
BRDA:32,0,1,62
BRDA:32,0,2,0
BRDA:321,1,0,62
BRDA:321,1,1,62
BRDA:321,1,2,62
BRDA:349,2,0,62
BRDA:349,2,1,35
BRDA:685,3,0,7
BRDA:685,3,1,0
BRDA:689,4,0,2
BRDA:689,4,1,5
BRDA:696,5,0,0
BRDA:696,5,1,0
BRDA:697,6,0,0
BRDA:697,6,1,0
BRDA:697,7,0,0
BRDA:697,7,1,0
BRDA:702,8,0,0
BRDA:702,8,1,0
BRDA:708,9,0,2
BRDA:708,9,1,0
BRDA:714,10,0,2
BRDA:714,10,1,0
BRDA:723,11,0,5
BRDA:723,11,1,10
BRDA:727,12,0,3
BRDA:727,12,1,12
BRDA:736,13,0,6
BRDA:736,13,1,0
BRDA:736,14,0,6
BRDA:736,14,1,4
BRDA:743,15,0,3
BRDA:743,15,1,3
BRDA:747,16,0,3
BRDA:747,16,1,3
BRDA:753,17,0,0
BRDA:753,17,1,0
BRDA:753,18,0,0
BRDA:753,18,1,0
BRDA:753,18,2,0
BRDA:768,19,0,0
BRDA:768,19,1,4
BRDA:768,20,0,4
BRDA:768,20,1,3
BRDA:773,21,0,4
BRDA:773,21,1,0
BRDA:783,22,0,0
BRDA:783,22,1,0
BRDA:783,23,0,0
BRDA:783,23,1,0
BRDA:795,24,0,0
BRDA:795,24,1,0
BRDA:797,25,0,0
BRDA:797,25,1,0
BRDA:797,25,2,0
BRDA:801,26,0,0
BRDA:801,26,1,0
BRDA:808,27,0,0
BRDA:808,27,1,0
BRDA:808,28,0,0
BRDA:808,28,1,0
BRDA:814,29,0,0
BRDA:814,29,1,0
BRDA:824,30,0,1
BRDA:824,30,1,0
BRDA:833,31,0,0
BRDA:833,31,1,0
BRDA:833,31,2,0
BRDA:833,31,3,0
BRDA:833,31,4,2
BRDA:842,32,0,0
BRDA:842,32,1,0
BRDA:853,33,0,0
BRDA:853,33,1,2
BRDA:859,34,0,1
BRDA:859,34,1,0
BRDA:863,35,0,1
BRDA:863,35,1,0
BRDA:869,36,0,1
BRDA:869,36,1,0
BRDA:873,37,0,1
BRDA:873,37,1,0
BRDA:879,38,0,0
BRDA:879,38,1,0
BRDA:905,39,0,58
BRDA:905,39,1,44
BRDA:909,40,0,6
BRDA:909,40,1,96
BRDA:916,41,0,3
BRDA:916,41,1,3
BRDA:1041,42,0,3
BRDA:1041,42,1,157
BRDA:1049,43,0,123
BRDA:1049,43,1,18
BRDA:374,44,0,143
BRDA:374,44,1,0
BRDA:379,45,0,1
BRDA:379,45,1,61
BRDA:392,46,0,0
BRDA:392,46,1,17
BRDA:392,47,0,17
BRDA:392,47,1,1
BRDA:397,48,0,729
BRDA:397,48,1,0
BRDA:402,49,0,19
BRDA:402,49,1,85
BRDA:433,50,0,166
BRDA:433,50,1,2
BRDA:437,51,0,166
BRDA:437,51,1,164
BRDA:440,52,0,166
BRDA:440,52,1,164
BRDA:440,52,2,4
BRDA:444,53,0,4
BRDA:444,53,1,2
BRDA:448,54,0,166
BRDA:448,54,1,7
BRDA:448,54,2,7
BRDA:448,54,3,160
BRDA:461,55,0,22
BRDA:461,55,1,144
BRDA:470,56,0,0
BRDA:470,56,1,166
BRDA:470,56,2,0
BRDA:470,56,3,0
BRDA:472,57,0,0
BRDA:472,57,1,166
BRDA:495,58,0,166
BRDA:495,58,1,166
BRDA:501,59,0,166
BRDA:501,59,1,22
BRDA:510,60,0,164
BRDA:510,60,1,59
BRDA:511,61,0,164
BRDA:511,61,1,59
BRDA:514,62,0,59
BRDA:514,62,1,105
BRDA:515,63,0,58
BRDA:515,63,1,1
BRDA:525,64,0,164
BRDA:525,64,1,105
BRDA:541,65,0,164
BRDA:541,65,1,105
BRDA:543,66,0,164
BRDA:543,66,1,59
BRDA:558,67,0,22
BRDA:558,67,1,138
BRDA:558,68,0,22
BRDA:558,68,1,6
BRDA:560,69,0,16
BRDA:560,69,1,144
BRDA:560,70,0,160
BRDA:560,70,1,140
BRDA:576,71,0,1
BRDA:576,71,1,143
BRDA:577,72,0,144
BRDA:577,72,1,1
BRDA:605,73,0,0
BRDA:605,73,1,2020
BRDA:605,74,0,2020
BRDA:605,74,1,0
BRDA:615,75,0,2020
BRDA:615,75,1,2020
BRDA:629,76,0,0
BRDA:629,76,1,2032
BRDA:629,77,0,2032
BRDA:629,77,1,0
BRDA:643,78,0,2032
BRDA:643,78,1,331
BRDA:652,79,0,53
BRDA:652,79,1,113
BRDA:656,80,0,40
BRDA:656,80,1,16
BRDA:658,81,0,26
BRDA:658,81,1,87
BRDA:668,82,0,87
BRDA:668,82,1,83
BRDA:668,82,2,81
BRDA:939,83,0,0
BRDA:939,83,1,2
BRDA:960,84,0,0
BRDA:960,84,1,0
BRDA:978,85,0,5
BRDA:978,85,1,9
BRDA:982,86,0,0
BRDA:982,86,1,9
BRDA:982,87,0,9
BRDA:982,87,1,0
BRDA:1004,88,0,0
BRDA:1004,88,1,0
BRDA:1005,89,0,0
BRDA:1005,89,1,0
BRDA:1011,90,0,0
BRDA:1011,90,1,0
BRDA:1030,91,0,9
BRDA:1030,91,1,0
BRDA:1059,92,0,0
BRDA:1059,92,1,2044
BRDA:1059,93,0,2044
BRDA:1059,93,1,0
BRDA:1063,94,0,48
BRDA:1063,94,1,1996
BRDA:1072,95,0,813
BRDA:1072,95,1,30
BRDA:1080,96,0,685
BRDA:1080,96,1,358
BRDA:1084,97,0,9
BRDA:1084,97,1,9
BRDA:1090,98,0,62
BRDA:1090,98,1,7
BRDA:1090,98,2,2
BRDA:1090,98,3,2
BRDA:1109,99,0,0
BRDA:1109,99,1,1
BRF:215
BRH:138
end_of_record
TN:
SF:/Users/ibelaev/AlfaCode/ARUI_FEATHER/arui-feather/src/sidebar/sidebar.tsx
FN:35,setCurrentPosition
FN:48,setBodyClass
FN:60,handleBodyScroll
FN:139,(anonymous_10)
FN:270,(anonymous_12)
FN:274,(anonymous_13)
FN:285,(anonymous_14)
FN:152,(anonymous_15)
FN:164,(anonymous_16)
FN:180,(anonymous_17)
FN:191,(anonymous_18)
FN:262,(anonymous_19)
FN:294,(anonymous_20)
FN:301,(anonymous_21)
FNF:14
FNH:10
FNDA:1,setCurrentPosition
FNDA:10,setBodyClass
FNDA:0,handleBodyScroll
FNDA:7,(anonymous_10)
FNDA:3,(anonymous_12)
FNDA:1,(anonymous_13)
FNDA:0,(anonymous_14)
FNDA:6,(anonymous_15)
FNDA:4,(anonymous_16)
FNDA:0,(anonymous_17)
FNDA:10,(anonymous_18)
FNDA:0,(anonymous_19)
FNDA:10,(anonymous_20)
FNDA:1,(anonymous_21)
DA:8,1
DA:10,1
DA:11,1
DA:13,1
DA:14,1
DA:15,1
DA:17,1
DA:18,1
DA:20,1
DA:22,1
DA:36,1
DA:37,1
DA:38,1
DA:48,10
DA:49,10
DA:51,10
DA:52,10
DA:61,0
DA:63,0
DA:64,0
DA:139,6
DA:140,6
DA:142,1
DA:148,6
DA:152,1
DA:153,6
DA:155,6
DA:157,6
DA:158,6
DA:161,6
DA:164,1
DA:165,4
DA:167,4
DA:169,4
DA:170,1
DA:173,4
DA:174,4
DA:176,0
DA:180,1
DA:181,0
DA:183,0
DA:184,0
DA:187,0
DA:188,0
DA:191,1
DA:192,10
DA:193,10
DA:194,10
DA:195,10
DA:196,10
DA:197,10
DA:198,10
DA:199,10
DA:202,10
DA:203,10
DA:204,10
DA:206,10
DA:262,1
DA:263,0
DA:270,6
DA:271,3
DA:274,6
DA:275,1
DA:276,1
DA:277,0
DA:278,0
DA:281,1
DA:285,6
DA:286,0
DA:288,0
DA:289,0
DA:290,0
DA:294,1
DA:295,10
DA:297,10
DA:299,1
DA:301,1
DA:302,1
DA:303,1
LF:79
LH:63
BRDA:49,0,0,10
BRDA:49,0,1,0
BRDA:51,1,0,10
BRDA:51,1,1,0
BRDA:52,2,0,10
BRDA:52,2,1,0
BRDA:61,3,0,0
BRDA:61,3,1,0
BRDA:61,3,2,0
BRDA:63,4,0,0
BRDA:63,4,1,0
BRDA:139,5,0,6
BRDA:139,5,1,6
BRDA:139,5,2,6
BRDA:275,6,0,1
BRDA:275,6,1,0
BRDA:276,7,0,0
BRDA:276,7,1,1
BRDA:287,8,0,0
BRDA:157,9,0,6
BRDA:157,9,1,0
BRDA:169,10,0,1
BRDA:169,10,1,3
BRDA:173,11,0,4
BRDA:173,11,1,0
BRDA:183,12,0,0
BRDA:183,12,1,0
BRDA:202,13,0,10
BRDA:202,13,1,0
BRDA:203,14,0,1
BRDA:203,14,1,9
BRDA:204,15,0,1
BRDA:204,15,1,9
BRDA:215,16,0,10
BRDA:215,16,1,10
BRDA:230,17,0,10
BRDA:230,17,1,9
BRDA:234,18,0,1
BRDA:234,18,1,8
BRDA:244,19,0,0
BRDA:244,19,1,10
BRDA:295,20,0,10
BRDA:295,20,1,0
BRDA:297,21,0,9
BRDA:297,21,1,1
BRDA:297,22,0,10
BRDA:297,22,1,9
BRF:47
BRH:29
end_of_record
TN:
SF:/Users/ibelaev/AlfaCode/ARUI_FEATHER/arui-feather/src/slide-down/slide-down.tsx
FN:63,(anonymous_7)
FN:113,(anonymous_9)
FN:75,(anonymous_10)
FN:91,(anonymous_11)
FN:122,(anonymous_12)
FN:128,(anonymous_13)
FN:137,(anonymous_14)
FN:141,(anonymous_15)
FN:151,(anonymous_16)
FN:158,(anonymous_17)
FNF:10
FNH:7
FNDA:7,(anonymous_7)
FNDA:1,(anonymous_9)
FNDA:1,(anonymous_10)
FNDA:7,(anonymous_11)
FNDA:7,(anonymous_12)
FNDA:1,(anonymous_13)
FNDA:0,(anonymous_14)
FNDA:0,(anonymous_15)
FNDA:0,(anonymous_16)
FNDA:1,(anonymous_17)
DA:5,1
DA:7,1
DA:8,1
DA:63,6
DA:64,6
DA:66,6
DA:71,6
DA:73,6
DA:75,1
DA:76,1
DA:78,1
DA:79,1
DA:80,1
DA:82,0
DA:85,1
DA:86,1
DA:91,1
DA:92,7
DA:113,6
DA:114,1
DA:115,0
DA:117,1
DA:118,1
DA:122,1
DA:123,7
DA:128,1
DA:129,1
DA:130,1
DA:137,1
DA:138,0
DA:141,0
DA:143,0
DA:144,0
DA:147,0
DA:151,1
DA:152,0
DA:156,1
DA:158,1
DA:159,1
DA:160,1
LF:40
LH:32
BRDA:63,0,0,6
BRDA:63,0,1,6
BRDA:63,0,2,6
BRDA:67,1,0,2
BRDA:67,1,1,4
BRDA:114,2,0,0
BRDA:114,2,1,1
BRDA:114,3,0,1
BRDA:114,3,1,0
BRDA:117,4,0,1
BRDA:117,4,1,0
BRDA:78,5,0,1
BRDA:78,5,1,0
BRDA:79,6,0,1
BRDA:79,6,1,0
BRDA:85,7,0,1
BRDA:85,7,1,0
BRDA:124,8,0,2
BRDA:124,8,1,5
BRDA:129,9,0,1
BRDA:129,9,1,0
BRDA:143,10,0,0
BRDA:143,10,1,0
BRF:23
BRH:14
end_of_record
TN:
SF:/Users/ibelaev/AlfaCode/ARUI_FEATHER/arui-feather/src/spin/spin.tsx
FN:46,(anonymous_7)
FN:54,(anonymous_9)
FN:68,(anonymous_10)
FNF:3
FNH:3
FNDA:5,(anonymous_7)
FNDA:4,(anonymous_9)
FNDA:1,(anonymous_10)
DA:5,1
DA:8,1
DA:9,1
DA:46,4
DA:47,4
DA:49,1
DA:54,1
DA:55,4
DA:66,1
DA:68,1
DA:69,1
DA:70,1
LF:12
LH:12
BRDA:46,0,0,4
BRDA:46,0,1,4
BRDA:46,0,2,4
BRF:3
BRH:3
end_of_record
TN:
SF:/Users/ibelaev/AlfaCode/ARUI_FEATHER/arui-feather/src/swipeable/swipeable.tsx
FN:6,(anonymous_7)
FN:33,(anonymous_8)
FN:57,(anonymous_10)
FN:68,(anonymous_11)
FN:84,(anonymous_12)
FN:91,(anonymous_13)
FN:111,(anonymous_14)
FN:46,(anonymous_15)
FN:50,(anonymous_16)
FNF:9
FNH:9
FNDA:17,(anonymous_7)
FNDA:20,(anonymous_8)
FNDA:2,(anonymous_10)
FNDA:3,(anonymous_11)
FNDA:7,(anonymous_12)
FNDA:7,(anonymous_13)
FNDA:2,(anonymous_14)
FNDA:1,(anonymous_15)
FNDA:20,(anonymous_16)
DA:1,2
DA:6,2
DA:7,17
DA:8,17
DA:33,18
DA:34,2
DA:38,18
DA:40,18
DA:42,18
DA:44,18
DA:46,2
DA:47,1
DA:50,2
DA:51,20
DA:57,18
DA:58,2
DA:59,2
DA:62,2
DA:64,2
DA:65,2
DA:68,18
DA:69,3
DA:70,1
DA:73,2
DA:74,2
DA:77,2
DA:79,2
DA:80,2
DA:81,2
DA:84,18
DA:85,7
DA:87,7
DA:88,7
DA:91,18
DA:92,7
DA:93,7
DA:95,7
DA:96,7
DA:98,7
DA:99,4
DA:100,1
DA:101,3
DA:102,1
DA:103,2
DA:104,1
DA:105,1
DA:106,1
DA:111,18
DA:112,2
DA:113,2
DA:114,2
DA:115,2
DA:116,2
DA:117,2
DA:118,2
DA:119,2
DA:120,2
DA:122,2
DA:124,2
LF:59
LH:59
BRDA:10,0,0,2
BRDA:10,0,1,15
BRDA:9,1,0,17
BRDA:9,1,1,2
BRDA:10,2,0,2
BRDA:10,2,1,1
BRDA:10,3,0,2
BRDA:10,3,1,1
BRDA:33,4,0,18
BRDA:33,4,1,18
BRDA:33,4,2,18
BRDA:58,5,0,2
BRDA:58,5,1,0
BRDA:69,6,0,1
BRDA:69,6,1,2
BRDA:69,7,0,3
BRDA:69,7,1,1
BRDA:73,8,0,2
BRDA:73,8,1,0
BRDA:98,9,0,4
BRDA:98,9,1,3
BRDA:99,10,0,1
BRDA:99,10,1,3
BRDA:101,11,0,1
BRDA:101,11,1,2
BRDA:103,12,0,1
BRDA:103,12,1,1
BRDA:105,13,0,1
BRDA:105,13,1,0
BRF:29
BRH:26
end_of_record
TN:
SF:/Users/ibelaev/AlfaCode/ARUI_FEATHER/arui-feather/src/tab-item/tab-item.tsx
FN:12,(anonymous_6)
FN:25,(anonymous_8)
FNF:2
FNH:2
FNDA:2,(anonymous_6)
FNDA:1,(anonymous_8)
DA:5,1
DA:6,1
DA:7,1
DA:12,1
DA:13,1
DA:15,1
DA:23,1
DA:25,1
DA:26,1
DA:27,1
LF:10
LH:10
BRDA:12,0,0,1
BRDA:12,0,1,1
BRDA:12,0,2,0
BRF:3
BRH:2
end_of_record
TN:
SF:/Users/ibelaev/AlfaCode/ARUI_FEATHER/arui-feather/src/tabs/tabs.tsx
FN:47,(anonymous_7)
FN:54,(anonymous_9)
FN:71,(anonymous_10)
FNF:3
FNH:3
FNDA:3,(anonymous_7)
FNDA:2,(anonymous_9)
FNDA:1,(anonymous_10)
DA:5,1
DA:7,1
DA:8,1
DA:47,2
DA:48,2
DA:50,1
DA:54,1
DA:55,2
DA:69,1
DA:71,1
DA:72,1
DA:73,1
LF:12
LH:12
BRDA:47,0,0,2
BRDA:47,0,1,2
BRDA:47,0,2,2
BRF:3
BRH:3
end_of_record
TN:
SF:/Users/ibelaev/AlfaCode/ARUI_FEATHER/arui-feather/src/tag-button/tag-button.tsx
FN:14,(anonymous_6)
FN:18,(anonymous_8)
FNF:2
FNH:2
FNDA:15,(anonymous_6)
FNDA:5,(anonymous_8)
DA:5,5
DA:6,5
DA:7,5
DA:14,10
DA:15,10
DA:16,5
DA:18,5
DA:19,5
DA:20,5
LF:9
LH:9
BRDA:14,0,0,10
BRDA:14,0,1,10
BRDA:14,0,2,0
BRF:3
BRH:2
end_of_record
TN:
SF:/Users/ibelaev/AlfaCode/ARUI_FEATHER/arui-feather/src/textarea/textarea.tsx
FN:171,(anonymous_9)
FN:277,(anonymous_11)
FN:285,(anonymous_12)
FN:293,(anonymous_13)
FN:305,(anonymous_14)
FN:311,(anonymous_15)
FN:317,(anonymous_16)
FN:323,(anonymous_17)
FN:199,(anonymous_18)
FN:204,(anonymous_19)
FN:237,(anonymous_20)
FN:332,(anonymous_21)
FN:340,(anonymous_22)
FN:349,(anonymous_23)
FN:358,(anonymous_24)
FNF:15
FNH:13
FNDA:22,(anonymous_9)
FNDA:3,(anonymous_11)
FNDA:2,(anonymous_12)
FNDA:2,(anonymous_13)
FNDA:0,(anonymous_14)
FNDA:0,(anonymous_15)
FNDA:1,(anonymous_16)
FNDA:1,(anonymous_17)
FNDA:27,(anonymous_18)
FNDA:19,(anonymous_19)
FNDA:31,(anonymous_20)
FNDA:1,(anonymous_21)
FNDA:1,(anonymous_22)
FNDA:1,(anonymous_23)
FNDA:1,(anonymous_24)
DA:5,1
DA:7,1
DA:8,1
DA:9,1
DA:11,1
DA:12,1
DA:171,21
DA:172,21
DA:174,1
DA:184,21
DA:199,27
DA:200,27
DA:202,27
DA:205,19
DA:223,27
DA:238,31
DA:277,21
DA:278,3
DA:280,3
DA:281,1
DA:285,21
DA:286,2
DA:288,2
DA:289,1
DA:293,21
DA:294,2
DA:296,2
DA:297,2
DA:300,2
DA:301,1
DA:305,21
DA:306,0
DA:307,0
DA:311,21
DA:312,0
DA:313,0
DA:317,21
DA:318,1
DA:319,1
DA:323,21
DA:324,1
DA:325,1
DA:332,1
DA:333,1
DA:340,1
DA:341,1
DA:342,1
DA:349,1
DA:350,1
DA:352,1
DA:356,1
DA:358,1
DA:359,1
DA:360,1
LF:54
LH:50
BRDA:171,0,0,21
BRDA:171,0,1,21
BRDA:171,0,2,21
BRDA:186,1,0,21
BRDA:186,1,1,21
BRDA:280,2,0,1
BRDA:280,2,1,2
BRDA:288,3,0,1
BRDA:288,3,1,1
BRDA:296,4,0,2
BRDA:296,4,1,0
BRDA:300,5,0,1
BRDA:300,5,1,1
BRDA:306,6,0,0
BRDA:306,6,1,0
BRDA:312,7,0,0
BRDA:312,7,1,0
BRDA:318,8,0,1
BRDA:318,8,1,0
BRDA:324,9,0,1
BRDA:324,9,1,0
BRDA:200,10,0,26
BRDA:200,10,1,1
BRDA:204,11,0,27
BRDA:204,11,1,0
BRDA:207,12,0,1
BRDA:207,12,1,26
BRDA:244,13,0,27
BRDA:244,13,1,0
BRDA:254,14,0,27
BRDA:254,14,1,0
BRDA:265,15,0,27
BRDA:265,15,1,27
BRDA:265,15,2,0
BRDA:268,16,0,0
BRDA:268,16,1,0
BRDA:341,17,0,1
BRDA:341,17,1,0
BRF:38
BRH:24
end_of_record
TN:
SF:/Users/ibelaev/AlfaCode/ARUI_FEATHER/arui-feather/src/theme-provider/theme-provider.tsx
FN:31,(anonymous_7)
FN:40,(anonymous_9)
FN:46,(anonymous_10)
FNF:3
FNH:3
FNDA:6,(anonymous_7)
FNDA:5,(anonymous_9)
FNDA:5,(anonymous_10)
DA:5,1
DA:7,1
DA:8,1
DA:31,1
DA:32,1
DA:36,1
DA:40,1
DA:41,5
DA:46,1
DA:47,5
DA:53,1
DA:55,1
LF:12
LH:12
BRF:0
BRH:0
end_of_record
TN:
SF:/Users/ibelaev/AlfaCode/ARUI_FEATHER/arui-feather/src/toggle/toggle.tsx
FN:90,(anonymous_7)
FN:153,(anonymous_9)
FN:166,(anonymous_10)
FN:174,(anonymous_11)
FN:174,(anonymous_12)
FN:176,(anonymous_13)
FN:103,(anonymous_14)
FN:149,(anonymous_15)
FN:185,(anonymous_16)
FNF:9
FNH:3
FNDA:4,(anonymous_7)
FNDA:0,(anonymous_9)
FNDA:0,(anonymous_10)
FNDA:0,(anonymous_11)
FNDA:0,(anonymous_12)
FNDA:0,(anonymous_13)
FNDA:3,(anonymous_14)
FNDA:0,(anonymous_15)
FNDA:1,(anonymous_16)
DA:5,1
DA:7,1
DA:8,1
DA:90,3
DA:91,3
DA:93,1
DA:98,3
DA:103,1
DA:104,3
DA:106,3
DA:149,1
DA:150,0
DA:153,3
DA:154,0
DA:156,0
DA:158,0
DA:160,0
DA:161,0
DA:166,3
DA:167,0
DA:169,0
DA:170,0
DA:174,3
DA:176,3
DA:177,0
DA:179,0
DA:180,0
DA:183,1
DA:185,1
DA:186,1
DA:187,1
LF:31
LH:19
BRDA:90,0,0,3
BRDA:90,0,1,3
BRDA:90,0,2,3
BRDA:154,1,0,0
BRDA:154,1,1,0
BRDA:156,2,0,0
BRDA:156,2,1,0
BRDA:160,3,0,0
BRDA:160,3,1,0
BRDA:169,4,0,0
BRDA:169,4,1,0
BRDA:179,5,0,0
BRDA:179,5,1,0
BRDA:104,6,0,3
BRDA:104,6,1,0
BRDA:136,7,0,3
BRDA:136,7,1,2
BRDA:142,8,0,3
BRDA:142,8,1,0
BRF:19
BRH:7
end_of_record
